<?xml version="1.0" encoding="UTF-8"?>
<!-- Generated by org.testng.reporters.JUnitXMLReporter -->
<testsuite ignored="0" hostname="VA-IGa4XlBQveWE" failures="1" tests="7" name="Surefire test" time="109.308" errors="0" timestamp="2026-02-09T17:20:43 NPT">
  <testcase classname="com.pinterest.tests.SignupTest" name="validSignup" time="13.823"/>
  <testcase classname="com.pinterest.tests.SignupTest" name="signupWithEmptyEmail" time="12.24"/>
  <testcase classname="com.pinterest.tests.SignupTest" name="signupWithEmptyPassword" time="12.323"/>
  <testcase classname="com.pinterest.tests.SignupTest" name="signupWithAllFieldsEmpty" time="12.501"/>
  <testcase classname="com.pinterest.tests.SignupTest" name="signupWithInvalidEmailFormat" time="13.114"/>
  <testcase classname="com.pinterest.tests.SignupTest" name="signupWithUnderage" time="23.29">
    <failure type="java.lang.AssertionError" message="Age validation error message not found">
      <![CDATA[java.lang.AssertionError: Age validation error message not found
at com.pinterest.tests.SignupTest.signupWithUnderage(SignupTest.java:306)
at java.base/java.util.ArrayList.forEach(ArrayList.java:1541)
... Removed 33 stack frames]]>
    </failure>
  </testcase> <!-- signupWithUnderage -->
  <testcase classname="com.pinterest.tests.SignupTest" name="signupWithFutureBirthdate" time="13.817"/>
</testsuite> <!-- Surefire test -->
