<?xml version="1.0" encoding="UTF-8"?>
<testsuite xmlns:xsi="http://www.w3.org/2001/XMLSchema-instance" xsi:noNamespaceSchemaLocation="https://maven.apache.org/surefire/maven-surefire-plugin/xsd/surefire-test-report-3.0.xsd" version="3.0" name="com.pinterest.tests.PinTest" time="116.354" tests="1" errors="0" skipped="0" failures="0">
  <properties>
[...]
</properties>
  <testcase name="saveFirstPin" classname="com.pinterest.tests.PinTest" time="102.502">
    <system-out><![CDATA[20:16:30.793 [main] INFO  com.pinterest.tests.PinTest - === Starting Save First Pin Test ===
CSV Headers loaded: _key, email, password, validQuery, spellingError, specialCharacters, publicBoardName, secretBoardName, birthdate, adult, youngAdult, noAtSymbol, withSpaces, noDomain, firstName, lastName, about, username
CSV file loaded successfully. Total rows: 19
20:16:30.807 [main] INFO  com.pinterest.tests.PinTest - Email: asmibajracharya9@gmail.com
20:16:30.809 [main] INFO  com.pinterest.tests.PinTest - Step 1: Navigating to login page
20:16:30.817 [main] INFO  com.pinterest.pages.LoginPage - LoginPage initialized
20:16:30.824 [main] INFO  com.pinterest.pages.LoginPage - Opening URL: https://www.pinterest.com/login/
20:16:32.340 [main] INFO  com.pinterest.tests.PinTest - Login page loaded
20:16:32.341 [main] INFO  com.pinterest.tests.PinTest - Performing login
20:16:32.341 [main] INFO  com.pinterest.pages.LoginPage - Attempting login with email: asmibajracharya9@gmail.com
20:16:33.108 [main] INFO  com.pinterest.pages.LoginPage - Email entered: asmibajracharya9@gmail.com
20:16:33.488 [main] INFO  com.pinterest.pages.LoginPage - Clicked submit button
20:16:41.071 [main] INFO  com.pinterest.tests.PinTest - Login successful - Search box visible
20:16:41.071 [main] INFO  com.pinterest.tests.PinTest - Step 2: Waiting for pins to load
20:16:41.077 [main] INFO  com.pinterest.tests.PinTest - Pins loaded on homepage
20:16:41.077 [main] INFO  com.pinterest.tests.PinTest - Viewing homepage with pins
20:16:41.077 [main] INFO  com.pinterest.tests.PinTest - Viewing results for 3 seconds
20:16:44.109 [main] INFO  com.pinterest.tests.PinTest - Viewing complete
20:16:44.109 [main] INFO  com.pinterest.tests.PinTest - Step 3: Saving first pin
20:16:44.109 [main] INFO  com.pinterest.pages.PinPage - PinPage initialized
20:16:44.109 [main] INFO  com.pinterest.pages.PinPage - Starting save first pin operation
20:16:44.141 [main] INFO  com.pinterest.pages.PinPage - First pin found successfully
20:16:44.657 [main] INFO  com.pinterest.pages.PinPage - Scrolled pin into view
20:16:45.824 [main] INFO  com.pinterest.pages.PinPage - Hovered over pin - Save button visible: true
20:16:45.841 [main] INFO  com.pinterest.pages.PinPage - Save button found using strategy 1
20:16:45.951 [main] INFO  com.pinterest.pages.PinPage - Save button clicked successfully
20:17:06.108 [main] INFO  com.pinterest.pages.PinPage - No board modal appeared - pin might be saved directly
20:17:56.336 [main] WARN  com.pinterest.pages.PinPage - Could not confirm save - 'Saved' button not found
20:17:56.336 [main] WARN  com.pinterest.pages.PinPage - Pin save completed but confirmation not detected
20:17:56.336 [main] INFO  com.pinterest.tests.PinTest - First pin save operation completed
20:17:56.336 [main] INFO  com.pinterest.tests.PinTest - Step 4: Verifying pin was saved
20:17:56.336 [main] INFO  com.pinterest.tests.PinTest - Viewing results after save
20:17:56.336 [main] INFO  com.pinterest.tests.PinTest - Viewing results for 5 seconds
20:18:01.441 [main] INFO  com.pinterest.tests.PinTest - Viewing complete
20:18:13.278 [main] INFO  com.pinterest.pages.PinPage - Found 'Saved' button - pin was saved successfully
20:18:13.278 [main] INFO  com.pinterest.pages.PinPage - Pin save verification: Success - Saved button found
20:18:13.278 [main] INFO  com.pinterest.tests.PinTest - Pin save verification result: true
20:18:13.278 [main] INFO  com.pinterest.tests.PinTest - Pin save verification passed - 'Saved' button found
20:18:13.278 [main] INFO  com.pinterest.tests.PinTest - === Save First Pin Test Completed ===
]]></system-out>
    <system-err><![CDATA[SLF4J: Failed to load class "org.slf4j.impl.StaticLoggerBinder".
SLF4J: Defaulting to no-operation (NOP) logger implementation
SLF4J: See http://www.slf4j.org/codes.html#StaticLoggerBinder for further details.
Feb 09, 2026 8:16:21 PM org.openqa.selenium.devtools.CdpVersionFinder findNearestMatch
WARNING: Unable to find CDP implementation matching 144
Feb 09, 2026 8:16:21 PM org.openqa.selenium.chromium.ChromiumDriver lambda$new$5
WARNING: Unable to find version of CDP to use for 144.0.7559.133. You may need to include a dependency on a specific version of the CDP using something similar to `org.seleniumhq.selenium:selenium-devtools-v86:4.22.0` where the version ("v86") matches the version of the chromium-based browser you're using and the version number of the artifact is the same as Selenium's.
]]></system-err>
  </testcase>
</testsuite>