<?xml version="1.0" encoding="UTF-8"?>
<testng-results ignored="0" total="1" passed="1" failed="0" skipped="0">
  <reporter-output>
  </reporter-output>
  <suite started-at="2026-02-09T20:46:25 NPT" name="Surefire suite" finished-at="2026-02-09T20:47:38 NPT" duration-ms="72892">
    <groups>
    </groups>
    <test started-at="2026-02-09T20:46:25 NPT" name="Surefire test" finished-at="2026-02-09T20:47:38 NPT" duration-ms="72892">
      <class name="com.pinterest.tests.EditProfileTest">
        <test-method is-config="true" signature="setupReport()[pri:0, instance:com.pinterest.tests.EditProfileTest@546ccad7]" started-at="2026-02-09T20:46:25 NPT" name="setupReport" finished-at="2026-02-09T20:46:25 NPT" duration-ms="160" status="PASS">
          <reporter-output>
          </reporter-output>
        </test-method> <!-- setupReport -->
        <test-method is-config="true" signature="setUp()[pri:0, instance:com.pinterest.tests.EditProfileTest@546ccad7]" started-at="2026-02-09T20:46:25 NPT" name="setUp" finished-at="2026-02-09T20:46:34 NPT" duration-ms="8718" status="PASS">
          <reporter-output>
          </reporter-output>
        </test-method> <!-- setUp -->
        <test-method is-config="true" signature="setup()[pri:0, instance:com.pinterest.tests.EditProfileTest@546ccad7]" started-at="2026-02-09T20:46:34 NPT" name="setup" finished-at="2026-02-09T20:46:44 NPT" duration-ms="9535" status="PASS">
          <reporter-output>
          </reporter-output>
        </test-method> <!-- setup -->
        <test-method is-config="true" signature="startTest(java.lang.reflect.Method)[pri:0, instance:com.pinterest.tests.EditProfileTest@546ccad7]" started-at="2026-02-09T20:46:44 NPT" name="startTest" finished-at="2026-02-09T20:46:44 NPT" duration-ms="12" status="PASS">
          <params>
            <param index="0">
              <value>
                <![CDATA[public void com.pinterest.tests.EditProfileTest.testEditCompleteProfile()]]>
              </value>
            </param>
          </params>
          <reporter-output>
          </reporter-output>
        </test-method> <!-- startTest -->
        <test-method signature="testEditCompleteProfile()[pri:1, instance:com.pinterest.tests.EditProfileTest@546ccad7]" started-at="2026-02-09T20:46:44 NPT" name="testEditCompleteProfile" description="Edit all profile details at once" finished-at="2026-02-09T20:47:37 NPT" duration-ms="53681" status="PASS">
          <reporter-output>
          </reporter-output>
        </test-method> <!-- testEditCompleteProfile -->
        <test-method is-config="true" signature="logStatusAndAttachArtifacts(org.testng.ITestResult)[pri:0, instance:com.pinterest.tests.EditProfileTest@546ccad7]" started-at="2026-02-09T20:47:37 NPT" name="logStatusAndAttachArtifacts" finished-at="2026-02-09T20:47:38 NPT" duration-ms="249" status="PASS">
          <params>
            <param index="0">
              <value>
                <![CDATA[[TestResult name=testEditCompleteProfile status=SUCCESS method=EditProfileTest.testEditCompleteProfile()[pri:1, instance:com.pinterest.tests.EditProfileTest@546ccad7] output={null}]]]>
              </value>
            </param>
          </params>
          <reporter-output>
          </reporter-output>
        </test-method> <!-- logStatusAndAttachArtifacts -->
        <test-method is-config="true" signature="tearDown()[pri:0, instance:com.pinterest.tests.EditProfileTest@546ccad7]" started-at="2026-02-09T20:47:38 NPT" name="tearDown" finished-at="2026-02-09T20:47:38 NPT" duration-ms="656" status="PASS">
          <reporter-output>
          </reporter-output>
        </test-method> <!-- tearDown -->
      </class> <!-- com.pinterest.tests.EditProfileTest -->
    </test> <!-- Surefire test -->
  </suite> <!-- Surefire suite -->
</testng-results>
