<?xml version="1.0" encoding="UTF-8"?>
<testsuite xmlns:xsi="http://www.w3.org/2001/XMLSchema-instance" xsi:noNamespaceSchemaLocation="https://maven.apache.org/surefire/maven-surefire-plugin/xsd/surefire-test-report-3.0.xsd" version="3.0" name="com.pinterest.tests.SignupTest" time="110.909" tests="7" errors="0" skipped="0" failures="1">
  <properties>
[...]
</properties>
  <testcase name="validSignup" classname="com.pinterest.tests.SignupTest" time="13.822">
    <system-out><![CDATA[17:19:00.152 [main] INFO  com.pinterest.tests.SignupTest - Starting fresh session
17:19:00.249 [main] INFO  com.pinterest.tests.SignupTest - Fresh session ready
17:19:00.253 [main] INFO  com.pinterest.tests.SignupTest - === TEST 1: Valid Signup ===
CSV Headers loaded: _key, email, password, validQuery, spellingError, specialCharacters, publicBoardName, secretBoardName, birthdate, adult, youngAdult, noAtSymbol, withSpaces, noDomain, firstName, lastName, about, username
CSV file loaded successfully. Total rows: 19
17:19:01.798 [main] INFO  com.pinterest.pages.SignupPage - Page loaded
17:19:02.644 [main] INFO  com.pinterest.pages.SignupPage - Clicked signup button
17:19:02.696 [main] INFO  com.pinterest.pages.SignupPage - Page loaded
17:19:03.707 [main] INFO  com.pinterest.tests.SignupTest - Viewing results for 2 seconds
17:19:05.752 [main] INFO  com.pinterest.pages.SignupPage - Email field found
17:19:05.935 [main] INFO  com.pinterest.pages.SignupPage - Email entered: zuhznashres@gmail.com
17:19:05.949 [main] INFO  com.pinterest.pages.SignupPage - Password field found
17:19:06.083 [main] INFO  com.pinterest.pages.SignupPage - Password entered
17:19:06.088 [main] INFO  com.pinterest.pages.SignupPage - Birthdate field found
17:19:06.171 [main] INFO  com.pinterest.pages.SignupPage - Birthdate entered: 1/1/2000
17:19:06.188 [main] INFO  com.pinterest.pages.SignupPage - Continue button found
17:19:06.282 [main] INFO  com.pinterest.pages.SignupPage - Clicked continue button
17:19:08.288 [main] INFO  com.pinterest.tests.SignupTest - Viewing results for 5 seconds
17:19:14.071 [main] INFO  com.pinterest.tests.SignupTest - Search bar is visible - signup successful
17:19:14.072 [main] INFO  com.pinterest.tests.SignupTest - === TEST 1 COMPLETED ===
]]></system-out>
    <system-err><![CDATA[SLF4J: Failed to load class "org.slf4j.impl.StaticLoggerBinder".
SLF4J: Defaulting to no-operation (NOP) logger implementation
SLF4J: See http://www.slf4j.org/codes.html#StaticLoggerBinder for further details.
Feb 09, 2026 5:18:56 PM org.openqa.selenium.devtools.CdpVersionFinder findNearestMatch
WARNING: Unable to find CDP implementation matching 144
Feb 09, 2026 5:18:56 PM org.openqa.selenium.chromium.ChromiumDriver lambda$new$5
WARNING: Unable to find version of CDP to use for 144.0.7559.133. You may need to include a dependency on a specific version of the CDP using something similar to `org.seleniumhq.selenium:selenium-devtools-v86:4.22.0` where the version ("v86") matches the version of the chromium-based browser you're using and the version number of the artifact is the same as Selenium's.
]]></system-err>
  </testcase>
  <testcase name="signupWithEmptyEmail" classname="com.pinterest.tests.SignupTest" time="12.239">
    <system-out><![CDATA[17:19:14.396 [main] INFO  com.pinterest.tests.SignupTest - Starting fresh session
17:19:14.533 [main] INFO  com.pinterest.tests.SignupTest - Fresh session ready
17:19:14.535 [main] INFO  com.pinterest.tests.SignupTest - === TEST 2: Empty Email ===
17:19:15.766 [main] INFO  com.pinterest.pages.SignupPage - Page loaded
17:19:16.321 [main] INFO  com.pinterest.pages.SignupPage - Clicked signup button
17:19:16.369 [main] INFO  com.pinterest.pages.SignupPage - Page loaded
17:19:17.385 [main] INFO  com.pinterest.tests.SignupTest - Viewing results for 2 seconds
17:19:19.442 [main] INFO  com.pinterest.pages.SignupPage - Password field found
17:19:19.553 [main] INFO  com.pinterest.pages.SignupPage - Password entered
17:19:19.561 [main] INFO  com.pinterest.pages.SignupPage - Birthdate field found
17:19:19.603 [main] INFO  com.pinterest.pages.SignupPage - Birthdate entered: 1/1/2000
17:19:19.620 [main] INFO  com.pinterest.pages.SignupPage - Continue button found
17:19:19.696 [main] INFO  com.pinterest.pages.SignupPage - Clicked continue button
17:19:21.704 [main] INFO  com.pinterest.tests.SignupTest - Viewing results for 5 seconds
17:19:26.774 [main] INFO  com.pinterest.tests.SignupTest - Email error message: You missed a spot! Don't forget to add your email.
17:19:26.774 [main] INFO  com.pinterest.tests.SignupTest - === TEST 2 COMPLETED ===
]]></system-out>
  </testcase>
  <testcase name="signupWithEmptyPassword" classname="com.pinterest.tests.SignupTest" time="12.323">
    <system-out><![CDATA[17:19:26.808 [main] INFO  com.pinterest.tests.SignupTest - Starting fresh session
17:19:26.891 [main] INFO  com.pinterest.tests.SignupTest - Fresh session ready
17:19:26.891 [main] INFO  com.pinterest.tests.SignupTest - === TEST 3: Empty Password ===
17:19:28.235 [main] INFO  com.pinterest.pages.SignupPage - Page loaded
17:19:28.749 [main] INFO  com.pinterest.pages.SignupPage - Clicked signup button
17:19:28.791 [main] INFO  com.pinterest.pages.SignupPage - Page loaded
17:19:29.799 [main] INFO  com.pinterest.tests.SignupTest - Viewing results for 2 seconds
17:19:31.814 [main] INFO  com.pinterest.pages.SignupPage - Email field found
17:19:31.963 [main] INFO  com.pinterest.pages.SignupPage - Email entered: james.rodriguez85@gmail.com
17:19:31.963 [main] INFO  com.pinterest.pages.SignupPage - Birthdate field found
17:19:32.037 [main] INFO  com.pinterest.pages.SignupPage - Birthdate entered: 5/20/1990
17:19:32.046 [main] INFO  com.pinterest.pages.SignupPage - Continue button found
17:19:32.110 [main] INFO  com.pinterest.pages.SignupPage - Clicked continue button
17:19:34.111 [main] INFO  com.pinterest.tests.SignupTest - Viewing results for 5 seconds
17:19:39.214 [main] INFO  com.pinterest.tests.SignupTest - Password error message: Your password is too short! You need 6+ characters.
17:19:39.214 [main] INFO  com.pinterest.tests.SignupTest - === TEST 3 COMPLETED ===
]]></system-out>
  </testcase>
  <testcase name="signupWithAllFieldsEmpty" classname="com.pinterest.tests.SignupTest" time="12.501">
    <system-out><![CDATA[17:19:39.255 [main] INFO  com.pinterest.tests.SignupTest - Starting fresh session
17:19:39.331 [main] INFO  com.pinterest.tests.SignupTest - Fresh session ready
17:19:39.331 [main] INFO  com.pinterest.tests.SignupTest - === TEST 4: All Fields Empty ===
17:19:41.454 [main] INFO  com.pinterest.pages.SignupPage - Page loaded
17:19:41.634 [main] INFO  com.pinterest.pages.SignupPage - Clicked signup button
17:19:41.653 [main] INFO  com.pinterest.pages.SignupPage - Page loaded
17:19:42.653 [main] INFO  com.pinterest.tests.SignupTest - Viewing results for 2 seconds
17:19:44.683 [main] INFO  com.pinterest.pages.SignupPage - Continue button found
17:19:44.745 [main] INFO  com.pinterest.pages.SignupPage - Clicked continue button
17:19:46.748 [main] INFO  com.pinterest.tests.SignupTest - Viewing results for 5 seconds
17:19:51.832 [main] INFO  com.pinterest.tests.SignupTest - Email error message: You missed a spot! Don't forget to add your email.
17:19:51.832 [main] INFO  com.pinterest.tests.SignupTest - === TEST 4 COMPLETED ===
]]></system-out>
  </testcase>
  <testcase name="signupWithInvalidEmailFormat" classname="com.pinterest.tests.SignupTest" time="13.115">
    <system-out><![CDATA[17:19:51.868 [main] INFO  com.pinterest.tests.SignupTest - Starting fresh session
17:19:51.943 [main] INFO  com.pinterest.tests.SignupTest - Fresh session ready
17:19:51.943 [main] INFO  com.pinterest.tests.SignupTest - === TEST 5: Invalid Email Format ===
17:19:54.219 [main] INFO  com.pinterest.pages.SignupPage - Page loaded
17:19:54.448 [main] INFO  com.pinterest.pages.SignupPage - Clicked signup button
17:19:54.476 [main] INFO  com.pinterest.pages.SignupPage - Page loaded
17:19:55.479 [main] INFO  com.pinterest.tests.SignupTest - Viewing results for 2 seconds
17:19:57.548 [main] INFO  com.pinterest.pages.SignupPage - Email field found
17:19:57.679 [main] INFO  com.pinterest.pages.SignupPage - Email entered: invalidemail
17:19:57.698 [main] INFO  com.pinterest.pages.SignupPage - Password field found
17:19:57.797 [main] INFO  com.pinterest.pages.SignupPage - Password entered
17:19:57.814 [main] INFO  com.pinterest.pages.SignupPage - Birthdate field found
17:19:57.880 [main] INFO  com.pinterest.pages.SignupPage - Birthdate entered: 1/1/2000
17:19:57.880 [main] INFO  com.pinterest.pages.SignupPage - Continue button found
17:19:57.967 [main] INFO  com.pinterest.pages.SignupPage - Clicked continue button
17:19:59.973 [main] INFO  com.pinterest.tests.SignupTest - Viewing results for 5 seconds
17:20:05.057 [main] INFO  com.pinterest.tests.SignupTest - Email format error message: Hmm...that doesn't look like an email address.
17:20:05.057 [main] INFO  com.pinterest.tests.SignupTest - === TEST 5 COMPLETED ===
]]></system-out>
  </testcase>
  <testcase name="signupWithUnderage" classname="com.pinterest.tests.SignupTest" time="23.287">
    <failure message="Age validation error message not found" type="java.lang.AssertionError"><![CDATA[java.lang.AssertionError: Age validation error message not found
	at org.testng.Assert.fail(Assert.java:111)
	at com.pinterest.tests.SignupTest.signupWithUnderage(SignupTest.java:306)
	at java.base/jdk.internal.reflect.NativeMethodAccessorImpl.invoke0(Native Method)
	at java.base/jdk.internal.reflect.NativeMethodAccessorImpl.invoke(NativeMethodAccessorImpl.java:62)
	at java.base/jdk.internal.reflect.DelegatingMethodAccessorImpl.invoke(DelegatingMethodAccessorImpl.java:43)
	at java.base/java.lang.reflect.Method.invoke(Method.java:566)
	at org.testng.internal.invokers.MethodInvocationHelper.invokeMethod(MethodInvocationHelper.java:139)
	at org.testng.internal.invokers.TestInvoker.invokeMethod(TestInvoker.java:664)
	at org.testng.internal.invokers.TestInvoker.invokeTestMethod(TestInvoker.java:228)
	at org.testng.internal.invokers.MethodRunner.runInSequence(MethodRunner.java:63)
	at org.testng.internal.invokers.TestInvoker$MethodInvocationAgent.invoke(TestInvoker.java:961)
	at org.testng.internal.invokers.TestInvoker.invokeTestMethods(TestInvoker.java:201)
	at org.testng.internal.invokers.TestMethodWorker.invokeTestMethods(TestMethodWorker.java:148)
	at org.testng.internal.invokers.TestMethodWorker.run(TestMethodWorker.java:128)
	at java.base/java.util.ArrayList.forEach(ArrayList.java:1541)
	at org.testng.TestRunner.privateRun(TestRunner.java:819)
	at org.testng.TestRunner.run(TestRunner.java:619)
	at org.testng.SuiteRunner.runTest(SuiteRunner.java:443)
	at org.testng.SuiteRunner.runSequentially(SuiteRunner.java:437)
	at org.testng.SuiteRunner.privateRun(SuiteRunner.java:397)
	at org.testng.SuiteRunner.run(SuiteRunner.java:336)
	at org.testng.SuiteRunnerWorker.runSuite(SuiteRunnerWorker.java:52)
	at org.testng.SuiteRunnerWorker.run(SuiteRunnerWorker.java:95)
	at org.testng.TestNG.runSuitesSequentially(TestNG.java:1301)
	at org.testng.TestNG.runSuitesLocally(TestNG.java:1228)
	at org.testng.TestNG.runSuites(TestNG.java:1134)
	at org.testng.TestNG.run(TestNG.java:1101)
	at org.apache.maven.surefire.testng.TestNGExecutor.run(TestNGExecutor.java:151)
	at org.apache.maven.surefire.testng.TestNGDirectoryTestSuite.executeSingleClass(TestNGDirectoryTestSuite.java:111)
	at org.apache.maven.surefire.testng.TestNGDirectoryTestSuite.execute(TestNGDirectoryTestSuite.java:98)
	at org.apache.maven.surefire.testng.TestNGProvider.invoke(TestNGProvider.java:155)
	at org.apache.maven.surefire.booter.ForkedBooter.runSuitesInProcess(ForkedBooter.java:456)
	at org.apache.maven.surefire.booter.ForkedBooter.execute(ForkedBooter.java:169)
	at org.apache.maven.surefire.booter.ForkedBooter.run(ForkedBooter.java:595)
	at org.apache.maven.surefire.booter.ForkedBooter.main(ForkedBooter.java:581)
]]></failure>
    <system-out><![CDATA[17:20:05.083 [main] INFO  com.pinterest.tests.SignupTest - Starting fresh session
17:20:05.161 [main] INFO  com.pinterest.tests.SignupTest - Fresh session ready
17:20:05.162 [main] INFO  com.pinterest.tests.SignupTest - === TEST 6: Underage User ===
17:20:06.188 [main] INFO  com.pinterest.pages.SignupPage - Page loaded
17:20:06.878 [main] INFO  com.pinterest.pages.SignupPage - Clicked signup button
17:20:06.907 [main] INFO  com.pinterest.pages.SignupPage - Page loaded
17:20:07.914 [main] INFO  com.pinterest.tests.SignupTest - Viewing results for 2 seconds
17:20:09.950 [main] INFO  com.pinterest.pages.SignupPage - Email field found
17:20:10.108 [main] INFO  com.pinterest.pages.SignupPage - Email entered: zuhznashres@gmail.com
17:20:10.123 [main] INFO  com.pinterest.pages.SignupPage - Password field found
17:20:10.241 [main] INFO  com.pinterest.pages.SignupPage - Password entered
17:20:10.248 [main] INFO  com.pinterest.pages.SignupPage - Birthdate field found
17:20:10.307 [main] INFO  com.pinterest.pages.SignupPage - Birthdate entered: 1/1/2025
17:20:10.307 [main] INFO  com.pinterest.pages.SignupPage - Continue button found
17:20:10.398 [main] INFO  com.pinterest.pages.SignupPage - Clicked continue button
17:20:12.401 [main] INFO  com.pinterest.tests.SignupTest - Viewing results for 5 seconds
17:20:28.451 [main] ERROR com.pinterest.tests.SignupTest - Age validation error message not found
]]></system-out>
  </testcase>
  <testcase name="signupWithFutureBirthdate" classname="com.pinterest.tests.SignupTest" time="13.817">
    <system-out><![CDATA[17:20:29.021 [main] INFO  com.pinterest.tests.SignupTest - Starting fresh session
17:20:29.133 [main] INFO  com.pinterest.tests.SignupTest - Fresh session ready
17:20:29.133 [main] INFO  com.pinterest.tests.SignupTest - === TEST 7: Future Birthdate ===
17:20:31.632 [main] INFO  com.pinterest.pages.SignupPage - Page loaded
17:20:32.300 [main] INFO  com.pinterest.pages.SignupPage - Clicked signup button
17:20:32.329 [main] INFO  com.pinterest.pages.SignupPage - Page loaded
17:20:33.331 [main] INFO  com.pinterest.tests.SignupTest - Viewing results for 2 seconds
17:20:35.381 [main] INFO  com.pinterest.pages.SignupPage - Email field found
17:20:35.547 [main] INFO  com.pinterest.pages.SignupPage - Email entered: davidwilliamstest@gmail.com
17:20:35.557 [main] INFO  com.pinterest.pages.SignupPage - Password field found
17:20:35.684 [main] INFO  com.pinterest.pages.SignupPage - Password entered
17:20:35.688 [main] INFO  com.pinterest.pages.SignupPage - Birthdate field found
17:20:35.767 [main] INFO  com.pinterest.pages.SignupPage - Birthdate entered: 12/31/2026
17:20:35.775 [main] INFO  com.pinterest.pages.SignupPage - Continue button found
17:20:35.843 [main] INFO  com.pinterest.pages.SignupPage - Clicked continue button
17:20:37.847 [main] INFO  com.pinterest.tests.SignupTest - Viewing results for 5 seconds
17:20:42.950 [main] INFO  com.pinterest.tests.SignupTest - Birthdate error message: Oops! Please use a valid age to sign up.
17:20:42.950 [main] INFO  com.pinterest.tests.SignupTest - === TEST 7 COMPLETED ===
]]></system-out>
  </testcase>
</testsuite>