<?xml version="1.0" encoding="UTF-8"?>
<testsuite xmlns:xsi="http://www.w3.org/2001/XMLSchema-instance" xsi:noNamespaceSchemaLocation="https://maven.apache.org/surefire/maven-surefire-plugin/xsd/surefire-test-report-3.0.xsd" version="3.0" name="com.pinterest.tests.LoginTest" time="84.352" tests="5" errors="0" skipped="0" failures="0">
  <properties>
[...]
</properties>
  <testcase name="validLogin" classname="com.pinterest.tests.LoginTest" time="14.992">
    <system-out><![CDATA[20:11:18.255 [main] INFO  com.pinterest.tests.LoginTest - Starting fresh session
20:11:18.339 [main] INFO  com.pinterest.tests.LoginTest - Fresh session ready
20:11:18.342 [main] INFO  com.pinterest.tests.LoginTest - TEST 1: Valid Login - Started
CSV Headers loaded: _key, email, password, validQuery, spellingError, specialCharacters, publicBoardName, secretBoardName, birthdate, adult, youngAdult, noAtSymbol, withSpaces, noDomain, firstName, lastName, about, username
CSV file loaded successfully. Total rows: 19
20:11:18.359 [main] INFO  com.pinterest.tests.LoginTest - Email: asmibajracharya9@gmail.com
20:11:18.378 [main] INFO  com.pinterest.pages.LoginPage - LoginPage initialized
20:11:18.380 [main] INFO  com.pinterest.pages.LoginPage - Opening URL: https://www.pinterest.com/
20:11:19.954 [main] INFO  com.pinterest.pages.LoginPage - Attempting to click login button
20:11:20.523 [main] INFO  com.pinterest.pages.LoginPage - Clicked login button successfully
20:11:20.809 [main] INFO  com.pinterest.tests.LoginTest - Viewing results for 2 seconds
20:11:22.864 [main] INFO  com.pinterest.tests.LoginTest - Viewing complete
20:11:22.864 [main] INFO  com.pinterest.pages.LoginPage - Attempting login with email: asmibajracharya9@gmail.com
20:11:23.126 [main] INFO  com.pinterest.pages.LoginPage - Email entered: asmibajracharya9@gmail.com
20:11:23.322 [main] INFO  com.pinterest.pages.LoginPage - Clicked submit button
20:11:23.330 [main] INFO  com.pinterest.tests.LoginTest - Viewing results for 5 seconds
20:11:28.375 [main] INFO  com.pinterest.tests.LoginTest - Viewing complete
20:11:33.331 [main] INFO  com.pinterest.tests.LoginTest - Search bar is visible - login successful
20:11:33.332 [main] INFO  com.pinterest.tests.LoginTest - Valid login completed successfully
20:11:33.332 [main] INFO  com.pinterest.tests.LoginTest - TEST 1: Valid Login - Completed
]]></system-out>
    <system-err><![CDATA[SLF4J: Failed to load class "org.slf4j.impl.StaticLoggerBinder".
SLF4J: Defaulting to no-operation (NOP) logger implementation
SLF4J: See http://www.slf4j.org/codes.html#StaticLoggerBinder for further details.
Feb 09, 2026 8:11:10 PM org.openqa.selenium.devtools.CdpVersionFinder findNearestMatch
WARNING: Unable to find CDP implementation matching 144
Feb 09, 2026 8:11:10 PM org.openqa.selenium.chromium.ChromiumDriver lambda$new$5
WARNING: Unable to find version of CDP to use for 144.0.7559.133. You may need to include a dependency on a specific version of the CDP using something similar to `org.seleniumhq.selenium:selenium-devtools-v86:4.22.0` where the version ("v86") matches the version of the chromium-based browser you're using and the version number of the artifact is the same as Selenium's.
]]></system-err>
  </testcase>
  <testcase name="loginWithWrongPassword" classname="com.pinterest.tests.LoginTest" time="22.282">
    <system-out><![CDATA[20:11:33.659 [main] INFO  com.pinterest.tests.LoginTest - Starting fresh session
20:11:33.760 [main] INFO  com.pinterest.tests.LoginTest - Fresh session ready
20:11:33.760 [main] INFO  com.pinterest.tests.LoginTest - TEST 2: Wrong Password - Started
20:11:33.760 [main] INFO  com.pinterest.tests.LoginTest - Email: asmibajracharya9@gmail.com
20:11:33.760 [main] INFO  com.pinterest.pages.LoginPage - LoginPage initialized
20:11:33.760 [main] INFO  com.pinterest.pages.LoginPage - Opening URL: https://www.pinterest.com/
20:11:48.032 [main] INFO  com.pinterest.pages.LoginPage - Attempting to click login button
20:11:48.160 [main] INFO  com.pinterest.pages.LoginPage - Clicked login button successfully
20:11:48.496 [main] INFO  com.pinterest.tests.LoginTest - Viewing results for 2 seconds
20:11:50.510 [main] INFO  com.pinterest.tests.LoginTest - Viewing complete
20:11:50.510 [main] INFO  com.pinterest.pages.LoginPage - Attempting login with email: asmibajracharya9@gmail.com
20:11:50.711 [main] INFO  com.pinterest.pages.LoginPage - Email entered: asmibajracharya9@gmail.com
20:11:50.908 [main] INFO  com.pinterest.pages.LoginPage - Clicked submit button
20:11:50.957 [main] INFO  com.pinterest.tests.LoginTest - Viewing results for 5 seconds
20:11:56.024 [main] INFO  com.pinterest.tests.LoginTest - Viewing complete
20:11:56.042 [main] INFO  com.pinterest.tests.LoginTest - Password error message displayed: The password you entered is incorrect. Try again or
20:11:56.042 [main] INFO  com.pinterest.tests.LoginTest - Wrong password error displayed correctly
20:11:56.042 [main] INFO  com.pinterest.tests.LoginTest - TEST 2: Wrong Password - Completed
]]></system-out>
  </testcase>
  <testcase name="loginWithEmptyEmail" classname="com.pinterest.tests.LoginTest" time="12.937">
    <system-out><![CDATA[20:11:56.075 [main] INFO  com.pinterest.tests.LoginTest - Starting fresh session
20:11:56.175 [main] INFO  com.pinterest.tests.LoginTest - Fresh session ready
20:11:56.175 [main] INFO  com.pinterest.tests.LoginTest - TEST 3: Empty Email - Started
20:11:56.175 [main] INFO  com.pinterest.tests.LoginTest - Testing with empty email
20:11:56.175 [main] INFO  com.pinterest.pages.LoginPage - LoginPage initialized
20:11:56.175 [main] INFO  com.pinterest.pages.LoginPage - Opening URL: https://www.pinterest.com/
20:12:01.375 [main] INFO  com.pinterest.pages.LoginPage - Attempting to click login button
20:12:01.480 [main] INFO  com.pinterest.pages.LoginPage - Clicked login button successfully
20:12:01.810 [main] INFO  com.pinterest.tests.LoginTest - Viewing results for 2 seconds
20:12:03.827 [main] INFO  com.pinterest.tests.LoginTest - Viewing complete
20:12:03.828 [main] INFO  com.pinterest.pages.LoginPage - Attempting login with email: 
20:12:04.018 [main] INFO  com.pinterest.pages.LoginPage - Clicked submit button
20:12:04.025 [main] INFO  com.pinterest.tests.LoginTest - Viewing results for 5 seconds
20:12:09.059 [main] INFO  com.pinterest.tests.LoginTest - Viewing complete
20:12:09.112 [main] INFO  com.pinterest.tests.LoginTest - Email error message displayed: You missed a spot! Don't forget to add your email.
20:12:09.112 [main] INFO  com.pinterest.tests.LoginTest - Empty email validation working
20:12:09.112 [main] INFO  com.pinterest.tests.LoginTest - TEST 3: Empty Email - Completed
]]></system-out>
  </testcase>
  <testcase name="loginWithEmptyPassword" classname="com.pinterest.tests.LoginTest" time="10.384">
    <system-out><![CDATA[20:12:09.143 [main] INFO  com.pinterest.tests.LoginTest - Starting fresh session
20:12:09.225 [main] INFO  com.pinterest.tests.LoginTest - Fresh session ready
20:12:09.225 [main] INFO  com.pinterest.tests.LoginTest - TEST 4: Empty Password - Started
20:12:09.225 [main] INFO  com.pinterest.tests.LoginTest - Email: asmibajracharya9@gmail.com
20:12:09.225 [main] INFO  com.pinterest.pages.LoginPage - LoginPage initialized
20:12:09.225 [main] INFO  com.pinterest.pages.LoginPage - Opening URL: https://www.pinterest.com/
20:12:11.638 [main] INFO  com.pinterest.pages.LoginPage - Attempting to click login button
20:12:11.743 [main] INFO  com.pinterest.pages.LoginPage - Clicked login button successfully
20:12:12.152 [main] INFO  com.pinterest.tests.LoginTest - Viewing results for 2 seconds
20:12:14.191 [main] INFO  com.pinterest.tests.LoginTest - Viewing complete
20:12:14.191 [main] INFO  com.pinterest.pages.LoginPage - Attempting login with email: asmibajracharya9@gmail.com
20:12:14.398 [main] INFO  com.pinterest.pages.LoginPage - Email entered: asmibajracharya9@gmail.com
20:12:14.485 [main] INFO  com.pinterest.pages.LoginPage - Clicked submit button
20:12:14.501 [main] INFO  com.pinterest.tests.LoginTest - Viewing results for 5 seconds
20:12:19.591 [main] INFO  com.pinterest.tests.LoginTest - Viewing complete
20:12:19.609 [main] INFO  com.pinterest.tests.LoginTest - Password error message displayed: The password you entered is incorrect. Try again or
Reset your password
20:12:19.609 [main] INFO  com.pinterest.tests.LoginTest - Empty password validation working
20:12:19.609 [main] INFO  com.pinterest.tests.LoginTest - TEST 4: Empty Password - Completed
]]></system-out>
  </testcase>
  <testcase name="loginWithInvalidEmailFormat" classname="com.pinterest.tests.LoginTest" time="10.016">
    <system-out><![CDATA[20:12:19.643 [main] INFO  com.pinterest.tests.LoginTest - Starting fresh session
20:12:19.740 [main] INFO  com.pinterest.tests.LoginTest - Fresh session ready
20:12:19.741 [main] INFO  com.pinterest.tests.LoginTest - TEST 5: Invalid Email Format - Started
20:12:19.741 [main] INFO  com.pinterest.tests.LoginTest - Invalid email: invalidemail
20:12:19.742 [main] INFO  com.pinterest.pages.LoginPage - LoginPage initialized
20:12:19.742 [main] INFO  com.pinterest.pages.LoginPage - Opening URL: https://www.pinterest.com/
20:12:21.619 [main] INFO  com.pinterest.pages.LoginPage - Attempting to click login button
20:12:22.170 [main] INFO  com.pinterest.pages.LoginPage - Clicked login button successfully
20:12:22.315 [main] INFO  com.pinterest.tests.LoginTest - Viewing results for 2 seconds
20:12:24.349 [main] INFO  com.pinterest.tests.LoginTest - Viewing complete
20:12:24.349 [main] INFO  com.pinterest.pages.LoginPage - Attempting login with email: invalidemail
20:12:24.501 [main] INFO  com.pinterest.pages.LoginPage - Email entered: invalidemail
20:12:24.669 [main] INFO  com.pinterest.pages.LoginPage - Clicked submit button
20:12:24.677 [main] INFO  com.pinterest.tests.LoginTest - Viewing results for 5 seconds
20:12:29.745 [main] INFO  com.pinterest.tests.LoginTest - Viewing complete
20:12:29.759 [main] INFO  com.pinterest.tests.LoginTest - Email format error message displayed: Hmm...that doesn't look like an email address.
20:12:29.759 [main] INFO  com.pinterest.tests.LoginTest - Invalid email format error displayed
20:12:29.759 [main] INFO  com.pinterest.tests.LoginTest - TEST 5: Invalid Email Format - Completed
]]></system-out>
  </testcase>
</testsuite>