<?xml version="1.0" encoding="UTF-8"?>
<testsuite xmlns:xsi="http://www.w3.org/2001/XMLSchema-instance" xsi:noNamespaceSchemaLocation="https://maven.apache.org/surefire/maven-surefire-plugin/xsd/surefire-test-report-3.0.xsd" version="3.0" name="com.pinterest.tests.SignupTest" time="110.909" tests="7" errors="0" skipped="0" failures="1">
  <properties>
    <property name="sun.desktop" value="windows"/>
    <property name="awt.toolkit" value="sun.awt.windows.WToolkit"/>
    <property name="java.specification.version" value="11"/>
    <property name="webdriver.chrome.driver" value="C:\Users\I1002567\.cache\selenium\chromedriver\win64\144.0.7559.133\chromedriver.exe"/>
    <property name="sun.cpu.isalist" value="amd64"/>
    <property name="sun.jnu.encoding" value="Cp1252"/>
    <property name="java.class.path" value="C:\Users\I1002567\Downloads\pinterest-automation\pinterest-automation\target\test-classes;C:\Users\I1002567\Downloads\pinterest-automation\pinterest-automation\target\classes;C:\Users\I1002567\.m2\repository\org\seleniumhq\selenium\selenium-java\4.22.0\selenium-java-4.22.0.jar;C:\Users\I1002567\.m2\repository\org\seleniumhq\selenium\selenium-api\4.22.0\selenium-api-4.22.0.jar;C:\Users\I1002567\.m2\repository\org\seleniumhq\selenium\selenium-chrome-driver\4.22.0\selenium-chrome-driver-4.22.0.jar;C:\Users\I1002567\.m2\repository\com\google\auto\service\auto-service-annotations\1.1.1\auto-service-annotations-1.1.1.jar;C:\Users\I1002567\.m2\repository\org\seleniumhq\selenium\selenium-chromium-driver\4.22.0\selenium-chromium-driver-4.22.0.jar;C:\Users\I1002567\.m2\repository\org\seleniumhq\selenium\selenium-json\4.22.0\selenium-json-4.22.0.jar;C:\Users\I1002567\.m2\repository\org\seleniumhq\selenium\selenium-manager\4.22.0\selenium-manager-4.22.0.jar;C:\Users\I1002567\.m2\repository\org\seleniumhq\selenium\selenium-devtools-v124\4.22.0\selenium-devtools-v124-4.22.0.jar;C:\Users\I1002567\.m2\repository\org\seleniumhq\selenium\selenium-devtools-v125\4.22.0\selenium-devtools-v125-4.22.0.jar;C:\Users\I1002567\.m2\repository\org\seleniumhq\selenium\selenium-devtools-v126\4.22.0\selenium-devtools-v126-4.22.0.jar;C:\Users\I1002567\.m2\repository\org\seleniumhq\selenium\selenium-devtools-v85\4.22.0\selenium-devtools-v85-4.22.0.jar;C:\Users\I1002567\.m2\repository\org\seleniumhq\selenium\selenium-edge-driver\4.22.0\selenium-edge-driver-4.22.0.jar;C:\Users\I1002567\.m2\repository\org\seleniumhq\selenium\selenium-firefox-driver\4.22.0\selenium-firefox-driver-4.22.0.jar;C:\Users\I1002567\.m2\repository\org\seleniumhq\selenium\selenium-http\4.22.0\selenium-http-4.22.0.jar;C:\Users\I1002567\.m2\repository\dev\failsafe\failsafe\3.3.2\failsafe-3.3.2.jar;C:\Users\I1002567\.m2\repository\org\seleniumhq\selenium\selenium-ie-driver\4.22.0\selenium-ie-driver-4.22.0.jar;C:\Users\I1002567\.m2\repository\org\seleniumhq\selenium\selenium-remote-driver\4.22.0\selenium-remote-driver-4.22.0.jar;C:\Users\I1002567\.m2\repository\com\google\guava\guava\33.2.1-jre\guava-33.2.1-jre.jar;C:\Users\I1002567\.m2\repository\com\google\guava\failureaccess\1.0.2\failureaccess-1.0.2.jar;C:\Users\I1002567\.m2\repository\com\google\guava\listenablefuture\9999.0-empty-to-avoid-conflict-with-guava\listenablefuture-9999.0-empty-to-avoid-conflict-with-guava.jar;C:\Users\I1002567\.m2\repository\com\google\code\findbugs\jsr305\3.0.2\jsr305-3.0.2.jar;C:\Users\I1002567\.m2\repository\org\checkerframework\checker-qual\3.42.0\checker-qual-3.42.0.jar;C:\Users\I1002567\.m2\repository\com\google\errorprone\error_prone_annotations\2.26.1\error_prone_annotations-2.26.1.jar;C:\Users\I1002567\.m2\repository\com\google\j2objc\j2objc-annotations\3.0.0\j2objc-annotations-3.0.0.jar;C:\Users\I1002567\.m2\repository\io\opentelemetry\semconv\opentelemetry-semconv\1.25.0-alpha\opentelemetry-semconv-1.25.0-alpha.jar;C:\Users\I1002567\.m2\repository\io\opentelemetry\opentelemetry-api\1.39.0\opentelemetry-api-1.39.0.jar;C:\Users\I1002567\.m2\repository\io\opentelemetry\opentelemetry-context\1.39.0\opentelemetry-context-1.39.0.jar;C:\Users\I1002567\.m2\repository\io\opentelemetry\opentelemetry-exporter-logging\1.39.0\opentelemetry-exporter-logging-1.39.0.jar;C:\Users\I1002567\.m2\repository\io\opentelemetry\opentelemetry-sdk-common\1.39.0\opentelemetry-sdk-common-1.39.0.jar;C:\Users\I1002567\.m2\repository\io\opentelemetry\opentelemetry-sdk-extension-autoconfigure-spi\1.39.0\opentelemetry-sdk-extension-autoconfigure-spi-1.39.0.jar;C:\Users\I1002567\.m2\repository\io\opentelemetry\opentelemetry-sdk-extension-autoconfigure\1.39.0\opentelemetry-sdk-extension-autoconfigure-1.39.0.jar;C:\Users\I1002567\.m2\repository\io\opentelemetry\opentelemetry-api-incubator\1.39.0-alpha\opentelemetry-api-incubator-1.39.0-alpha.jar;C:\Users\I1002567\.m2\repository\io\opentelemetry\opentelemetry-sdk-trace\1.39.0\opentelemetry-sdk-trace-1.39.0.jar;C:\Users\I1002567\.m2\repository\io\opentelemetry\opentelemetry-sdk\1.39.0\opentelemetry-sdk-1.39.0.jar;C:\Users\I1002567\.m2\repository\io\opentelemetry\opentelemetry-sdk-metrics\1.39.0\opentelemetry-sdk-metrics-1.39.0.jar;C:\Users\I1002567\.m2\repository\io\opentelemetry\opentelemetry-sdk-logs\1.39.0\opentelemetry-sdk-logs-1.39.0.jar;C:\Users\I1002567\.m2\repository\net\bytebuddy\byte-buddy\1.14.17\byte-buddy-1.14.17.jar;C:\Users\I1002567\.m2\repository\org\seleniumhq\selenium\selenium-os\4.22.0\selenium-os-4.22.0.jar;C:\Users\I1002567\.m2\repository\org\apache\commons\commons-exec\1.4.0\commons-exec-1.4.0.jar;C:\Users\I1002567\.m2\repository\org\seleniumhq\selenium\selenium-safari-driver\4.22.0\selenium-safari-driver-4.22.0.jar;C:\Users\I1002567\.m2\repository\org\seleniumhq\selenium\selenium-support\4.22.0\selenium-support-4.22.0.jar;C:\Users\I1002567\.m2\repository\org\apache\logging\log4j\log4j-core\2.20.0\log4j-core-2.20.0.jar;C:\Users\I1002567\.m2\repository\org\apache\logging\log4j\log4j-api\2.20.0\log4j-api-2.20.0.jar;C:\Users\I1002567\.m2\repository\com\aventstack\extentreports\5.1.2\extentreports-5.1.2.jar;C:\Users\I1002567\.m2\repository\io\reactivex\rxjava3\rxjava\3.1.6\rxjava-3.1.6.jar;C:\Users\I1002567\.m2\repository\org\reactivestreams\reactive-streams\1.0.4\reactive-streams-1.0.4.jar;C:\Users\I1002567\.m2\repository\org\freemarker\freemarker\2.3.32\freemarker-2.3.32.jar;C:\Users\I1002567\.m2\repository\org\projectlombok\lombok\1.18.26\lombok-1.18.26.jar;C:\Users\I1002567\.m2\repository\com\google\code\gson\gson\2.10.1\gson-2.10.1.jar;C:\Users\I1002567\.m2\repository\org\testng\testng\7.9.0\testng-7.9.0.jar;C:\Users\I1002567\.m2\repository\org\slf4j\slf4j-api\1.7.36\slf4j-api-1.7.36.jar;C:\Users\I1002567\.m2\repository\com\beust\jcommander\1.82\jcommander-1.82.jar;C:\Users\I1002567\.m2\repository\org\webjars\jquery\3.7.1\jquery-3.7.1.jar;C:\Users\I1002567\.m2\repository\io\github\bonigarcia\webdrivermanager\5.7.0\webdrivermanager-5.7.0.jar;C:\Users\I1002567\.m2\repository\com\github\docker-java\docker-java\3.3.5\docker-java-3.3.5.jar;C:\Users\I1002567\.m2\repository\com\github\docker-java\docker-java-core\3.3.5\docker-java-core-3.3.5.jar;C:\Users\I1002567\.m2\repository\com\github\docker-java\docker-java-api\3.3.5\docker-java-api-3.3.5.jar;C:\Users\I1002567\.m2\repository\org\bouncycastle\bcpkix-jdk18on\1.76\bcpkix-jdk18on-1.76.jar;C:\Users\I1002567\.m2\repository\org\bouncycastle\bcprov-jdk18on\1.76\bcprov-jdk18on-1.76.jar;C:\Users\I1002567\.m2\repository\org\bouncycastle\bcutil-jdk18on\1.76\bcutil-jdk18on-1.76.jar;C:\Users\I1002567\.m2\repository\org\slf4j\jcl-over-slf4j\1.7.30\jcl-over-slf4j-1.7.30.jar;C:\Users\I1002567\.m2\repository\com\github\docker-java\docker-java-transport-httpclient5\3.3.5\docker-java-transport-httpclient5-3.3.5.jar;C:\Users\I1002567\.m2\repository\com\github\docker-java\docker-java-transport\3.3.5\docker-java-transport-3.3.5.jar;C:\Users\I1002567\.m2\repository\net\java\dev\jna\jna\5.13.0\jna-5.13.0.jar;C:\Users\I1002567\.m2\repository\org\brotli\dec\0.1.2\dec-0.1.2.jar;C:\Users\I1002567\.m2\repository\org\apache\commons\commons-lang3\3.14.0\commons-lang3-3.14.0.jar;C:\Users\I1002567\.m2\repository\org\apache\commons\commons-compress\1.26.0\commons-compress-1.26.0.jar;C:\Users\I1002567\.m2\repository\commons-io\commons-io\2.15.1\commons-io-2.15.1.jar;C:\Users\I1002567\.m2\repository\org\apache\httpcomponents\client5\httpclient5\5.2.1\httpclient5-5.2.1.jar;C:\Users\I1002567\.m2\repository\org\apache\httpcomponents\core5\httpcore5\5.2\httpcore5-5.2.jar;C:\Users\I1002567\.m2\repository\org\apache\httpcomponents\core5\httpcore5-h2\5.2\httpcore5-h2-5.2.jar;C:\Users\I1002567\.m2\repository\com\fasterxml\jackson\core\jackson-databind\2.14.3\jackson-databind-2.14.3.jar;C:\Users\I1002567\.m2\repository\com\fasterxml\jackson\core\jackson-annotations\2.14.3\jackson-annotations-2.14.3.jar;C:\Users\I1002567\.m2\repository\com\fasterxml\jackson\core\jackson-core\2.14.3\jackson-core-2.14.3.jar;"/>
    <property name="java.vm.vendor" value="Oracle Corporation"/>
    <property name="sun.arch.data.model" value="64"/>
    <property name="user.variant" value=""/>
    <property name="java.vendor.url" value="https://openjdk.java.net/"/>
    <property name="user.timezone" value="Asia/Katmandu"/>
    <property name="java.vm.specification.version" value="11"/>
    <property name="os.name" value="Windows 11"/>
    <property name="sun.java.launcher" value="SUN_STANDARD"/>
    <property name="user.country" value="US"/>
    <property name="sun.boot.library.path" value="C:\Program Files\Java\jdk-11\bin"/>
    <property name="sun.java.command" value="C:\Users\I1002567\AppData\Local\Temp\surefire3617775888385495744\surefirebooter-20260209171852468_3.jar C:\Users\I1002567\AppData\Local\Temp\surefire3617775888385495744 2026-02-09T17-18-51_526-jvmRun1 surefire-20260209171852468_1tmp surefire_0-20260209171852468_2tmp"/>
    <property name="jdk.debug" value="release"/>
    <property name="test" value="SignupTest"/>
    <property name="surefire.test.class.path" value="C:\Users\I1002567\Downloads\pinterest-automation\pinterest-automation\target\test-classes;C:\Users\I1002567\Downloads\pinterest-automation\pinterest-automation\target\classes;C:\Users\I1002567\.m2\repository\org\seleniumhq\selenium\selenium-java\4.22.0\selenium-java-4.22.0.jar;C:\Users\I1002567\.m2\repository\org\seleniumhq\selenium\selenium-api\4.22.0\selenium-api-4.22.0.jar;C:\Users\I1002567\.m2\repository\org\seleniumhq\selenium\selenium-chrome-driver\4.22.0\selenium-chrome-driver-4.22.0.jar;C:\Users\I1002567\.m2\repository\com\google\auto\service\auto-service-annotations\1.1.1\auto-service-annotations-1.1.1.jar;C:\Users\I1002567\.m2\repository\org\seleniumhq\selenium\selenium-chromium-driver\4.22.0\selenium-chromium-driver-4.22.0.jar;C:\Users\I1002567\.m2\repository\org\seleniumhq\selenium\selenium-json\4.22.0\selenium-json-4.22.0.jar;C:\Users\I1002567\.m2\repository\org\seleniumhq\selenium\selenium-manager\4.22.0\selenium-manager-4.22.0.jar;C:\Users\I1002567\.m2\repository\org\seleniumhq\selenium\selenium-devtools-v124\4.22.0\selenium-devtools-v124-4.22.0.jar;C:\Users\I1002567\.m2\repository\org\seleniumhq\selenium\selenium-devtools-v125\4.22.0\selenium-devtools-v125-4.22.0.jar;C:\Users\I1002567\.m2\repository\org\seleniumhq\selenium\selenium-devtools-v126\4.22.0\selenium-devtools-v126-4.22.0.jar;C:\Users\I1002567\.m2\repository\org\seleniumhq\selenium\selenium-devtools-v85\4.22.0\selenium-devtools-v85-4.22.0.jar;C:\Users\I1002567\.m2\repository\org\seleniumhq\selenium\selenium-edge-driver\4.22.0\selenium-edge-driver-4.22.0.jar;C:\Users\I1002567\.m2\repository\org\seleniumhq\selenium\selenium-firefox-driver\4.22.0\selenium-firefox-driver-4.22.0.jar;C:\Users\I1002567\.m2\repository\org\seleniumhq\selenium\selenium-http\4.22.0\selenium-http-4.22.0.jar;C:\Users\I1002567\.m2\repository\dev\failsafe\failsafe\3.3.2\failsafe-3.3.2.jar;C:\Users\I1002567\.m2\repository\org\seleniumhq\selenium\selenium-ie-driver\4.22.0\selenium-ie-driver-4.22.0.jar;C:\Users\I1002567\.m2\repository\org\seleniumhq\selenium\selenium-remote-driver\4.22.0\selenium-remote-driver-4.22.0.jar;C:\Users\I1002567\.m2\repository\com\google\guava\guava\33.2.1-jre\guava-33.2.1-jre.jar;C:\Users\I1002567\.m2\repository\com\google\guava\failureaccess\1.0.2\failureaccess-1.0.2.jar;C:\Users\I1002567\.m2\repository\com\google\guava\listenablefuture\9999.0-empty-to-avoid-conflict-with-guava\listenablefuture-9999.0-empty-to-avoid-conflict-with-guava.jar;C:\Users\I1002567\.m2\repository\com\google\code\findbugs\jsr305\3.0.2\jsr305-3.0.2.jar;C:\Users\I1002567\.m2\repository\org\checkerframework\checker-qual\3.42.0\checker-qual-3.42.0.jar;C:\Users\I1002567\.m2\repository\com\google\errorprone\error_prone_annotations\2.26.1\error_prone_annotations-2.26.1.jar;C:\Users\I1002567\.m2\repository\com\google\j2objc\j2objc-annotations\3.0.0\j2objc-annotations-3.0.0.jar;C:\Users\I1002567\.m2\repository\io\opentelemetry\semconv\opentelemetry-semconv\1.25.0-alpha\opentelemetry-semconv-1.25.0-alpha.jar;C:\Users\I1002567\.m2\repository\io\opentelemetry\opentelemetry-api\1.39.0\opentelemetry-api-1.39.0.jar;C:\Users\I1002567\.m2\repository\io\opentelemetry\opentelemetry-context\1.39.0\opentelemetry-context-1.39.0.jar;C:\Users\I1002567\.m2\repository\io\opentelemetry\opentelemetry-exporter-logging\1.39.0\opentelemetry-exporter-logging-1.39.0.jar;C:\Users\I1002567\.m2\repository\io\opentelemetry\opentelemetry-sdk-common\1.39.0\opentelemetry-sdk-common-1.39.0.jar;C:\Users\I1002567\.m2\repository\io\opentelemetry\opentelemetry-sdk-extension-autoconfigure-spi\1.39.0\opentelemetry-sdk-extension-autoconfigure-spi-1.39.0.jar;C:\Users\I1002567\.m2\repository\io\opentelemetry\opentelemetry-sdk-extension-autoconfigure\1.39.0\opentelemetry-sdk-extension-autoconfigure-1.39.0.jar;C:\Users\I1002567\.m2\repository\io\opentelemetry\opentelemetry-api-incubator\1.39.0-alpha\opentelemetry-api-incubator-1.39.0-alpha.jar;C:\Users\I1002567\.m2\repository\io\opentelemetry\opentelemetry-sdk-trace\1.39.0\opentelemetry-sdk-trace-1.39.0.jar;C:\Users\I1002567\.m2\repository\io\opentelemetry\opentelemetry-sdk\1.39.0\opentelemetry-sdk-1.39.0.jar;C:\Users\I1002567\.m2\repository\io\opentelemetry\opentelemetry-sdk-metrics\1.39.0\opentelemetry-sdk-metrics-1.39.0.jar;C:\Users\I1002567\.m2\repository\io\opentelemetry\opentelemetry-sdk-logs\1.39.0\opentelemetry-sdk-logs-1.39.0.jar;C:\Users\I1002567\.m2\repository\net\bytebuddy\byte-buddy\1.14.17\byte-buddy-1.14.17.jar;C:\Users\I1002567\.m2\repository\org\seleniumhq\selenium\selenium-os\4.22.0\selenium-os-4.22.0.jar;C:\Users\I1002567\.m2\repository\org\apache\commons\commons-exec\1.4.0\commons-exec-1.4.0.jar;C:\Users\I1002567\.m2\repository\org\seleniumhq\selenium\selenium-safari-driver\4.22.0\selenium-safari-driver-4.22.0.jar;C:\Users\I1002567\.m2\repository\org\seleniumhq\selenium\selenium-support\4.22.0\selenium-support-4.22.0.jar;C:\Users\I1002567\.m2\repository\org\apache\logging\log4j\log4j-core\2.20.0\log4j-core-2.20.0.jar;C:\Users\I1002567\.m2\repository\org\apache\logging\log4j\log4j-api\2.20.0\log4j-api-2.20.0.jar;C:\Users\I1002567\.m2\repository\com\aventstack\extentreports\5.1.2\extentreports-5.1.2.jar;C:\Users\I1002567\.m2\repository\io\reactivex\rxjava3\rxjava\3.1.6\rxjava-3.1.6.jar;C:\Users\I1002567\.m2\repository\org\reactivestreams\reactive-streams\1.0.4\reactive-streams-1.0.4.jar;C:\Users\I1002567\.m2\repository\org\freemarker\freemarker\2.3.32\freemarker-2.3.32.jar;C:\Users\I1002567\.m2\repository\org\projectlombok\lombok\1.18.26\lombok-1.18.26.jar;C:\Users\I1002567\.m2\repository\com\google\code\gson\gson\2.10.1\gson-2.10.1.jar;C:\Users\I1002567\.m2\repository\org\testng\testng\7.9.0\testng-7.9.0.jar;C:\Users\I1002567\.m2\repository\org\slf4j\slf4j-api\1.7.36\slf4j-api-1.7.36.jar;C:\Users\I1002567\.m2\repository\com\beust\jcommander\1.82\jcommander-1.82.jar;C:\Users\I1002567\.m2\repository\org\webjars\jquery\3.7.1\jquery-3.7.1.jar;C:\Users\I1002567\.m2\repository\io\github\bonigarcia\webdrivermanager\5.7.0\webdrivermanager-5.7.0.jar;C:\Users\I1002567\.m2\repository\com\github\docker-java\docker-java\3.3.5\docker-java-3.3.5.jar;C:\Users\I1002567\.m2\repository\com\github\docker-java\docker-java-core\3.3.5\docker-java-core-3.3.5.jar;C:\Users\I1002567\.m2\repository\com\github\docker-java\docker-java-api\3.3.5\docker-java-api-3.3.5.jar;C:\Users\I1002567\.m2\repository\org\bouncycastle\bcpkix-jdk18on\1.76\bcpkix-jdk18on-1.76.jar;C:\Users\I1002567\.m2\repository\org\bouncycastle\bcprov-jdk18on\1.76\bcprov-jdk18on-1.76.jar;C:\Users\I1002567\.m2\repository\org\bouncycastle\bcutil-jdk18on\1.76\bcutil-jdk18on-1.76.jar;C:\Users\I1002567\.m2\repository\org\slf4j\jcl-over-slf4j\1.7.30\jcl-over-slf4j-1.7.30.jar;C:\Users\I1002567\.m2\repository\com\github\docker-java\docker-java-transport-httpclient5\3.3.5\docker-java-transport-httpclient5-3.3.5.jar;C:\Users\I1002567\.m2\repository\com\github\docker-java\docker-java-transport\3.3.5\docker-java-transport-3.3.5.jar;C:\Users\I1002567\.m2\repository\net\java\dev\jna\jna\5.13.0\jna-5.13.0.jar;C:\Users\I1002567\.m2\repository\org\brotli\dec\0.1.2\dec-0.1.2.jar;C:\Users\I1002567\.m2\repository\org\apache\commons\commons-lang3\3.14.0\commons-lang3-3.14.0.jar;C:\Users\I1002567\.m2\repository\org\apache\commons\commons-compress\1.26.0\commons-compress-1.26.0.jar;C:\Users\I1002567\.m2\repository\commons-io\commons-io\2.15.1\commons-io-2.15.1.jar;C:\Users\I1002567\.m2\repository\org\apache\httpcomponents\client5\httpclient5\5.2.1\httpclient5-5.2.1.jar;C:\Users\I1002567\.m2\repository\org\apache\httpcomponents\core5\httpcore5\5.2\httpcore5-5.2.jar;C:\Users\I1002567\.m2\repository\org\apache\httpcomponents\core5\httpcore5-h2\5.2\httpcore5-h2-5.2.jar;C:\Users\I1002567\.m2\repository\com\fasterxml\jackson\core\jackson-databind\2.14.3\jackson-databind-2.14.3.jar;C:\Users\I1002567\.m2\repository\com\fasterxml\jackson\core\jackson-annotations\2.14.3\jackson-annotations-2.14.3.jar;C:\Users\I1002567\.m2\repository\com\fasterxml\jackson\core\jackson-core\2.14.3\jackson-core-2.14.3.jar;"/>
    <property name="sun.cpu.endian" value="little"/>
    <property name="user.home" value="C:\Users\I1002567"/>
    <property name="user.language" value="en"/>
    <property name="java.specification.vendor" value="Oracle Corporation"/>
    <property name="java.version.date" value="2024-01-16"/>
    <property name="java.home" value="C:\Program Files\Java\jdk-11"/>
    <property name="file.separator" value="\"/>
    <property name="basedir" value="C:\Users\I1002567\Downloads\pinterest-automation\pinterest-automation"/>
    <property name="java.vm.compressedOopsMode" value="Zero based"/>
    <property name="line.separator" value="&#10;"/>
    <property name="java.specification.name" value="Java Platform API Specification"/>
    <property name="java.vm.specification.vendor" value="Oracle Corporation"/>
    <property name="java.awt.graphicsenv" value="sun.awt.Win32GraphicsEnvironment"/>
    <property name="surefire.real.class.path" value="C:\Users\I1002567\AppData\Local\Temp\surefire3617775888385495744\surefirebooter-20260209171852468_3.jar"/>
    <property name="user.script" value=""/>
    <property name="sun.management.compiler" value="HotSpot 64-Bit Tiered Compilers"/>
    <property name="java.runtime.version" value="11.0.22+9-LTS-219"/>
    <property name="user.name" value="I1002567"/>
    <property name="path.separator" value=";"/>
    <property name="os.version" value="10.0"/>
    <property name="java.runtime.name" value="Java(TM) SE Runtime Environment"/>
    <property name="file.encoding" value="Cp1252"/>
    <property name="java.vm.name" value="Java HotSpot(TM) 64-Bit Server VM"/>
    <property name="java.vendor.version" value="18.9"/>
    <property name="localRepository" value="C:\Users\I1002567\.m2\repository"/>
    <property name="java.vendor.url.bug" value="https://bugreport.java.com/bugreport/"/>
    <property name="java.io.tmpdir" value="C:\Users\I1002567\AppData\Local\Temp\"/>
    <property name="java.version" value="11.0.22"/>
    <property name="user.dir" value="C:\Users\I1002567\Downloads\pinterest-automation\pinterest-automation"/>
    <property name="os.arch" value="amd64"/>
    <property name="java.vm.specification.name" value="Java Virtual Machine Specification"/>
    <property name="java.awt.printerjob" value="sun.awt.windows.WPrinterJob"/>
    <property name="sun.os.patch.level" value=""/>
    <property name="java.library.path" value="C:\Program Files\Java\jdk-11\bin;C:\WINDOWS\Sun\Java\bin;C:\WINDOWS\system32;C:\WINDOWS;C:\Program Files\Common Files\Oracle\Java\javapath;C:\WINDOWS\system32;C:\WINDOWS;C:\WINDOWS\System32\Wbem;C:\WINDOWS\System32\WindowsPowerShell\v1.0\;C:\WINDOWS\System32\OpenSSH\;C:\Program Files\Java\jdk-11;C:\Users\I1002567\AppData\Local\Microsoft\WindowsApps;C:\SQLite;C:\Users\I1002567\AppData\Local\Programs\Git\cmd;C:\Program Files\Java\jdk-11\bin;C:\Users\I1002567\Tools\apache-maven-3.9.11\bin;C:\Users\I1002567\Tools\apache-jmeter-5.6.3\bin;C:\Users\I1002567\AppData\Local\Programs\Microsoft VS Code\bin;;."/>
    <property name="java.vendor" value="Oracle Corporation"/>
    <property name="java.vm.info" value="mixed mode"/>
    <property name="java.vm.version" value="11.0.22+9-LTS-219"/>
    <property name="java.specification.maintenance.version" value="2"/>
    <property name="sun.io.unicode.encoding" value="UnicodeLittle"/>
    <property name="java.class.version" value="55.0"/>
  </properties>
  <testcase name="validSignup" classname="com.pinterest.tests.SignupTest" time="13.822">
    <system-out><![CDATA[17:19:00.152 [main] INFO  com.pinterest.tests.SignupTest - Starting fresh session
17:19:00.249 [main] INFO  com.pinterest.tests.SignupTest - Fresh session ready
17:19:00.253 [main] INFO  com.pinterest.tests.SignupTest - === TEST 1: Valid Signup ===
CSV Headers loaded: _key, email, password, validQuery, spellingError, specialCharacters, publicBoardName, secretBoardName, birthdate, adult, youngAdult, noAtSymbol, withSpaces, noDomain, firstName, lastName, about, username
CSV file loaded successfully. Total rows: 19
17:19:01.798 [main] INFO  com.pinterest.pages.SignupPage - Page loaded
17:19:02.644 [main] INFO  com.pinterest.pages.SignupPage - Clicked signup button
17:19:02.696 [main] INFO  com.pinterest.pages.SignupPage - Page loaded
17:19:03.707 [main] INFO  com.pinterest.tests.SignupTest - Viewing results for 2 seconds
17:19:05.752 [main] INFO  com.pinterest.pages.SignupPage - Email field found
17:19:05.935 [main] INFO  com.pinterest.pages.SignupPage - Email entered: zuhznashres@gmail.com
17:19:05.949 [main] INFO  com.pinterest.pages.SignupPage - Password field found
17:19:06.083 [main] INFO  com.pinterest.pages.SignupPage - Password entered
17:19:06.088 [main] INFO  com.pinterest.pages.SignupPage - Birthdate field found
17:19:06.171 [main] INFO  com.pinterest.pages.SignupPage - Birthdate entered: 1/1/2000
17:19:06.188 [main] INFO  com.pinterest.pages.SignupPage - Continue button found
17:19:06.282 [main] INFO  com.pinterest.pages.SignupPage - Clicked continue button
17:19:08.288 [main] INFO  com.pinterest.tests.SignupTest - Viewing results for 5 seconds
17:19:14.071 [main] INFO  com.pinterest.tests.SignupTest - Search bar is visible - signup successful
17:19:14.072 [main] INFO  com.pinterest.tests.SignupTest - === TEST 1 COMPLETED ===
]]></system-out>
    <system-err><![CDATA[SLF4J: Failed to load class "org.slf4j.impl.StaticLoggerBinder".
SLF4J: Defaulting to no-operation (NOP) logger implementation
SLF4J: See http://www.slf4j.org/codes.html#StaticLoggerBinder for further details.
Feb 09, 2026 5:18:56 PM org.openqa.selenium.devtools.CdpVersionFinder findNearestMatch
WARNING: Unable to find CDP implementation matching 144
Feb 09, 2026 5:18:56 PM org.openqa.selenium.chromium.ChromiumDriver lambda$new$5
WARNING: Unable to find version of CDP to use for 144.0.7559.133. You may need to include a dependency on a specific version of the CDP using something similar to `org.seleniumhq.selenium:selenium-devtools-v86:4.22.0` where the version ("v86") matches the version of the chromium-based browser you're using and the version number of the artifact is the same as Selenium's.
]]></system-err>
  </testcase>
  <testcase name="signupWithEmptyEmail" classname="com.pinterest.tests.SignupTest" time="12.239">
    <system-out><![CDATA[17:19:14.396 [main] INFO  com.pinterest.tests.SignupTest - Starting fresh session
17:19:14.533 [main] INFO  com.pinterest.tests.SignupTest - Fresh session ready
17:19:14.535 [main] INFO  com.pinterest.tests.SignupTest - === TEST 2: Empty Email ===
17:19:15.766 [main] INFO  com.pinterest.pages.SignupPage - Page loaded
17:19:16.321 [main] INFO  com.pinterest.pages.SignupPage - Clicked signup button
17:19:16.369 [main] INFO  com.pinterest.pages.SignupPage - Page loaded
17:19:17.385 [main] INFO  com.pinterest.tests.SignupTest - Viewing results for 2 seconds
17:19:19.442 [main] INFO  com.pinterest.pages.SignupPage - Password field found
17:19:19.553 [main] INFO  com.pinterest.pages.SignupPage - Password entered
17:19:19.561 [main] INFO  com.pinterest.pages.SignupPage - Birthdate field found
17:19:19.603 [main] INFO  com.pinterest.pages.SignupPage - Birthdate entered: 1/1/2000
17:19:19.620 [main] INFO  com.pinterest.pages.SignupPage - Continue button found
17:19:19.696 [main] INFO  com.pinterest.pages.SignupPage - Clicked continue button
17:19:21.704 [main] INFO  com.pinterest.tests.SignupTest - Viewing results for 5 seconds
17:19:26.774 [main] INFO  com.pinterest.tests.SignupTest - Email error message: You missed a spot! Don't forget to add your email.
17:19:26.774 [main] INFO  com.pinterest.tests.SignupTest - === TEST 2 COMPLETED ===
]]></system-out>
  </testcase>
  <testcase name="signupWithEmptyPassword" classname="com.pinterest.tests.SignupTest" time="12.323">
    <system-out><![CDATA[17:19:26.808 [main] INFO  com.pinterest.tests.SignupTest - Starting fresh session
17:19:26.891 [main] INFO  com.pinterest.tests.SignupTest - Fresh session ready
17:19:26.891 [main] INFO  com.pinterest.tests.SignupTest - === TEST 3: Empty Password ===
17:19:28.235 [main] INFO  com.pinterest.pages.SignupPage - Page loaded
17:19:28.749 [main] INFO  com.pinterest.pages.SignupPage - Clicked signup button
17:19:28.791 [main] INFO  com.pinterest.pages.SignupPage - Page loaded
17:19:29.799 [main] INFO  com.pinterest.tests.SignupTest - Viewing results for 2 seconds
17:19:31.814 [main] INFO  com.pinterest.pages.SignupPage - Email field found
17:19:31.963 [main] INFO  com.pinterest.pages.SignupPage - Email entered: james.rodriguez85@gmail.com
17:19:31.963 [main] INFO  com.pinterest.pages.SignupPage - Birthdate field found
17:19:32.037 [main] INFO  com.pinterest.pages.SignupPage - Birthdate entered: 5/20/1990
17:19:32.046 [main] INFO  com.pinterest.pages.SignupPage - Continue button found
17:19:32.110 [main] INFO  com.pinterest.pages.SignupPage - Clicked continue button
17:19:34.111 [main] INFO  com.pinterest.tests.SignupTest - Viewing results for 5 seconds
17:19:39.214 [main] INFO  com.pinterest.tests.SignupTest - Password error message: Your password is too short! You need 6+ characters.
17:19:39.214 [main] INFO  com.pinterest.tests.SignupTest - === TEST 3 COMPLETED ===
]]></system-out>
  </testcase>
  <testcase name="signupWithAllFieldsEmpty" classname="com.pinterest.tests.SignupTest" time="12.501">
    <system-out><![CDATA[17:19:39.255 [main] INFO  com.pinterest.tests.SignupTest - Starting fresh session
17:19:39.331 [main] INFO  com.pinterest.tests.SignupTest - Fresh session ready
17:19:39.331 [main] INFO  com.pinterest.tests.SignupTest - === TEST 4: All Fields Empty ===
17:19:41.454 [main] INFO  com.pinterest.pages.SignupPage - Page loaded
17:19:41.634 [main] INFO  com.pinterest.pages.SignupPage - Clicked signup button
17:19:41.653 [main] INFO  com.pinterest.pages.SignupPage - Page loaded
17:19:42.653 [main] INFO  com.pinterest.tests.SignupTest - Viewing results for 2 seconds
17:19:44.683 [main] INFO  com.pinterest.pages.SignupPage - Continue button found
17:19:44.745 [main] INFO  com.pinterest.pages.SignupPage - Clicked continue button
17:19:46.748 [main] INFO  com.pinterest.tests.SignupTest - Viewing results for 5 seconds
17:19:51.832 [main] INFO  com.pinterest.tests.SignupTest - Email error message: You missed a spot! Don't forget to add your email.
17:19:51.832 [main] INFO  com.pinterest.tests.SignupTest - === TEST 4 COMPLETED ===
]]></system-out>
  </testcase>
  <testcase name="signupWithInvalidEmailFormat" classname="com.pinterest.tests.SignupTest" time="13.115">
    <system-out><![CDATA[17:19:51.868 [main] INFO  com.pinterest.tests.SignupTest - Starting fresh session
17:19:51.943 [main] INFO  com.pinterest.tests.SignupTest - Fresh session ready
17:19:51.943 [main] INFO  com.pinterest.tests.SignupTest - === TEST 5: Invalid Email Format ===
17:19:54.219 [main] INFO  com.pinterest.pages.SignupPage - Page loaded
17:19:54.448 [main] INFO  com.pinterest.pages.SignupPage - Clicked signup button
17:19:54.476 [main] INFO  com.pinterest.pages.SignupPage - Page loaded
17:19:55.479 [main] INFO  com.pinterest.tests.SignupTest - Viewing results for 2 seconds
17:19:57.548 [main] INFO  com.pinterest.pages.SignupPage - Email field found
17:19:57.679 [main] INFO  com.pinterest.pages.SignupPage - Email entered: invalidemail
17:19:57.698 [main] INFO  com.pinterest.pages.SignupPage - Password field found
17:19:57.797 [main] INFO  com.pinterest.pages.SignupPage - Password entered
17:19:57.814 [main] INFO  com.pinterest.pages.SignupPage - Birthdate field found
17:19:57.880 [main] INFO  com.pinterest.pages.SignupPage - Birthdate entered: 1/1/2000
17:19:57.880 [main] INFO  com.pinterest.pages.SignupPage - Continue button found
17:19:57.967 [main] INFO  com.pinterest.pages.SignupPage - Clicked continue button
17:19:59.973 [main] INFO  com.pinterest.tests.SignupTest - Viewing results for 5 seconds
17:20:05.057 [main] INFO  com.pinterest.tests.SignupTest - Email format error message: Hmm...that doesn't look like an email address.
17:20:05.057 [main] INFO  com.pinterest.tests.SignupTest - === TEST 5 COMPLETED ===
]]></system-out>
  </testcase>
  <testcase name="signupWithUnderage" classname="com.pinterest.tests.SignupTest" time="23.287">
    <failure message="Age validation error message not found" type="java.lang.AssertionError"><![CDATA[java.lang.AssertionError: Age validation error message not found
	at org.testng.Assert.fail(Assert.java:111)
	at com.pinterest.tests.SignupTest.signupWithUnderage(SignupTest.java:306)
	at java.base/jdk.internal.reflect.NativeMethodAccessorImpl.invoke0(Native Method)
	at java.base/jdk.internal.reflect.NativeMethodAccessorImpl.invoke(NativeMethodAccessorImpl.java:62)
	at java.base/jdk.internal.reflect.DelegatingMethodAccessorImpl.invoke(DelegatingMethodAccessorImpl.java:43)
	at java.base/java.lang.reflect.Method.invoke(Method.java:566)
	at org.testng.internal.invokers.MethodInvocationHelper.invokeMethod(MethodInvocationHelper.java:139)
	at org.testng.internal.invokers.TestInvoker.invokeMethod(TestInvoker.java:664)
	at org.testng.internal.invokers.TestInvoker.invokeTestMethod(TestInvoker.java:228)
	at org.testng.internal.invokers.MethodRunner.runInSequence(MethodRunner.java:63)
	at org.testng.internal.invokers.TestInvoker$MethodInvocationAgent.invoke(TestInvoker.java:961)
	at org.testng.internal.invokers.TestInvoker.invokeTestMethods(TestInvoker.java:201)
	at org.testng.internal.invokers.TestMethodWorker.invokeTestMethods(TestMethodWorker.java:148)
	at org.testng.internal.invokers.TestMethodWorker.run(TestMethodWorker.java:128)
	at java.base/java.util.ArrayList.forEach(ArrayList.java:1541)
	at org.testng.TestRunner.privateRun(TestRunner.java:819)
	at org.testng.TestRunner.run(TestRunner.java:619)
	at org.testng.SuiteRunner.runTest(SuiteRunner.java:443)
	at org.testng.SuiteRunner.runSequentially(SuiteRunner.java:437)
	at org.testng.SuiteRunner.privateRun(SuiteRunner.java:397)
	at org.testng.SuiteRunner.run(SuiteRunner.java:336)
	at org.testng.SuiteRunnerWorker.runSuite(SuiteRunnerWorker.java:52)
	at org.testng.SuiteRunnerWorker.run(SuiteRunnerWorker.java:95)
	at org.testng.TestNG.runSuitesSequentially(TestNG.java:1301)
	at org.testng.TestNG.runSuitesLocally(TestNG.java:1228)
	at org.testng.TestNG.runSuites(TestNG.java:1134)
	at org.testng.TestNG.run(TestNG.java:1101)
	at org.apache.maven.surefire.testng.TestNGExecutor.run(TestNGExecutor.java:151)
	at org.apache.maven.surefire.testng.TestNGDirectoryTestSuite.executeSingleClass(TestNGDirectoryTestSuite.java:111)
	at org.apache.maven.surefire.testng.TestNGDirectoryTestSuite.execute(TestNGDirectoryTestSuite.java:98)
	at org.apache.maven.surefire.testng.TestNGProvider.invoke(TestNGProvider.java:155)
	at org.apache.maven.surefire.booter.ForkedBooter.runSuitesInProcess(ForkedBooter.java:456)
	at org.apache.maven.surefire.booter.ForkedBooter.execute(ForkedBooter.java:169)
	at org.apache.maven.surefire.booter.ForkedBooter.run(ForkedBooter.java:595)
	at org.apache.maven.surefire.booter.ForkedBooter.main(ForkedBooter.java:581)
]]></failure>
    <system-out><![CDATA[17:20:05.083 [main] INFO  com.pinterest.tests.SignupTest - Starting fresh session
17:20:05.161 [main] INFO  com.pinterest.tests.SignupTest - Fresh session ready
17:20:05.162 [main] INFO  com.pinterest.tests.SignupTest - === TEST 6: Underage User ===
17:20:06.188 [main] INFO  com.pinterest.pages.SignupPage - Page loaded
17:20:06.878 [main] INFO  com.pinterest.pages.SignupPage - Clicked signup button
17:20:06.907 [main] INFO  com.pinterest.pages.SignupPage - Page loaded
17:20:07.914 [main] INFO  com.pinterest.tests.SignupTest - Viewing results for 2 seconds
17:20:09.950 [main] INFO  com.pinterest.pages.SignupPage - Email field found
17:20:10.108 [main] INFO  com.pinterest.pages.SignupPage - Email entered: zuhznashres@gmail.com
17:20:10.123 [main] INFO  com.pinterest.pages.SignupPage - Password field found
17:20:10.241 [main] INFO  com.pinterest.pages.SignupPage - Password entered
17:20:10.248 [main] INFO  com.pinterest.pages.SignupPage - Birthdate field found
17:20:10.307 [main] INFO  com.pinterest.pages.SignupPage - Birthdate entered: 1/1/2025
17:20:10.307 [main] INFO  com.pinterest.pages.SignupPage - Continue button found
17:20:10.398 [main] INFO  com.pinterest.pages.SignupPage - Clicked continue button
17:20:12.401 [main] INFO  com.pinterest.tests.SignupTest - Viewing results for 5 seconds
17:20:28.451 [main] ERROR com.pinterest.tests.SignupTest - Age validation error message not found
]]></system-out>
  </testcase>
  <testcase name="signupWithFutureBirthdate" classname="com.pinterest.tests.SignupTest" time="13.817">
    <system-out><![CDATA[17:20:29.021 [main] INFO  com.pinterest.tests.SignupTest - Starting fresh session
17:20:29.133 [main] INFO  com.pinterest.tests.SignupTest - Fresh session ready
17:20:29.133 [main] INFO  com.pinterest.tests.SignupTest - === TEST 7: Future Birthdate ===
17:20:31.632 [main] INFO  com.pinterest.pages.SignupPage - Page loaded
17:20:32.300 [main] INFO  com.pinterest.pages.SignupPage - Clicked signup button
17:20:32.329 [main] INFO  com.pinterest.pages.SignupPage - Page loaded
17:20:33.331 [main] INFO  com.pinterest.tests.SignupTest - Viewing results for 2 seconds
17:20:35.381 [main] INFO  com.pinterest.pages.SignupPage - Email field found
17:20:35.547 [main] INFO  com.pinterest.pages.SignupPage - Email entered: davidwilliamstest@gmail.com
17:20:35.557 [main] INFO  com.pinterest.pages.SignupPage - Password field found
17:20:35.684 [main] INFO  com.pinterest.pages.SignupPage - Password entered
17:20:35.688 [main] INFO  com.pinterest.pages.SignupPage - Birthdate field found
17:20:35.767 [main] INFO  com.pinterest.pages.SignupPage - Birthdate entered: 12/31/2026
17:20:35.775 [main] INFO  com.pinterest.pages.SignupPage - Continue button found
17:20:35.843 [main] INFO  com.pinterest.pages.SignupPage - Clicked continue button
17:20:37.847 [main] INFO  com.pinterest.tests.SignupTest - Viewing results for 5 seconds
17:20:42.950 [main] INFO  com.pinterest.tests.SignupTest - Birthdate error message: Oops! Please use a valid age to sign up.
17:20:42.950 [main] INFO  com.pinterest.tests.SignupTest - === TEST 7 COMPLETED ===
]]></system-out>
  </testcase>
</testsuite>