<?xml version="1.0" encoding="UTF-8"?>
<testsuite xmlns:xsi="http://www.w3.org/2001/XMLSchema-instance" xsi:noNamespaceSchemaLocation="https://maven.apache.org/surefire/maven-surefire-plugin/xsd/surefire-test-report-3.0.xsd" version="3.0" name="com.pinterest.tests.EditProfileTest" time="74.495" tests="1" errors="0" skipped="0" failures="0">
  <properties>
[...]
</properties>
  <testcase name="testEditCompleteProfile" classname="com.pinterest.tests.EditProfileTest" time="53.696">
    <system-out><![CDATA[20:46:34.571 [main] INFO  com.pinterest.tests.EditProfileTest - Setting up Edit Profile Tests
CSV Headers loaded: _key, email, password, validQuery, spellingError, specialCharacters, publicBoardName, secretBoardName, birthdate, adult, youngAdult, noAtSymbol, withSpaces, noDomain, firstName, lastName, about, username
CSV file loaded successfully. Total rows: 19
20:46:34.588 [main] INFO  com.pinterest.tests.EditProfileTest - Email: asmibajracharya9@gmail.com
20:46:35.540 [main] INFO  com.pinterest.pages.LoginPage - LoginPage initialized
20:46:35.540 [main] INFO  com.pinterest.pages.LoginPage - Attempting login with email: asmibajracharya9@gmail.com
20:46:36.329 [main] INFO  com.pinterest.pages.LoginPage - Email entered: asmibajracharya9@gmail.com
20:46:36.603 [main] INFO  com.pinterest.pages.LoginPage - Clicked submit button
20:46:44.106 [main] INFO  com.pinterest.tests.EditProfileTest - Login successful for Edit Profile tests
20:46:44.106 [main] INFO  com.pinterest.pages.EditProfilePage - EditProfilePage initialized
20:46:44.106 [main] INFO  com.pinterest.tests.EditProfileTest - Edit Profile tests setup completed
20:46:44.142 [main] INFO  com.pinterest.tests.EditProfileTest - TEST: Edit Complete Profile - Started
20:46:44.145 [main] INFO  com.pinterest.tests.EditProfileTest - First Name: Nickle
20:46:44.145 [main] INFO  com.pinterest.tests.EditProfileTest - Last Name: Shrestha
20:46:44.145 [main] INFO  com.pinterest.tests.EditProfileTest - About: singer
20:46:44.145 [main] INFO  com.pinterest.tests.EditProfileTest - Username: nick727572123
20:46:44.145 [main] INFO  com.pinterest.pages.EditProfilePage - Starting Edit Profile navigation
20:46:44.145 [main] INFO  com.pinterest.pages.EditProfilePage - STEP 1: Looking for avatar on current page
20:46:44.145 [main] INFO  com.pinterest.pages.EditProfilePage - Attempting to find and click avatar
20:46:44.680 [main] INFO  com.pinterest.pages.EditProfilePage - Successfully clicked Avatar locator 1 using regular click
20:46:44.680 [main] INFO  com.pinterest.pages.EditProfilePage - Successfully clicked avatar using Avatar locator 1
20:46:46.254 [main] INFO  com.pinterest.pages.EditProfilePage - STEP 2: Clicking user profile name
20:46:46.254 [main] INFO  com.pinterest.pages.EditProfilePage - Attempting to find and click profile name
20:47:06.795 [main] INFO  com.pinterest.pages.EditProfilePage - Successfully clicked Profile name locator 3 using regular click
20:47:06.795 [main] INFO  com.pinterest.pages.EditProfilePage - Successfully clicked profile name using Profile name locator 3
20:47:08.402 [main] INFO  com.pinterest.pages.EditProfilePage - STEP 3: Clicking edit profile/settings link
20:47:08.402 [main] INFO  com.pinterest.pages.EditProfilePage - Attempting to find and click edit profile link
20:47:18.885 [main] INFO  com.pinterest.pages.EditProfilePage - Successfully clicked Edit profile locator 2 using regular click
20:47:18.885 [main] INFO  com.pinterest.pages.EditProfilePage - Successfully clicked edit profile link using Edit profile locator 2
20:47:25.855 [main] INFO  com.pinterest.pages.EditProfilePage - Edit Profile page loaded successfully
20:47:25.855 [main] INFO  com.pinterest.pages.EditProfilePage - Clearing and typing in First Name: Nickle
20:47:26.803 [main] INFO  com.pinterest.pages.EditProfilePage - Successfully cleared and updated First Name
20:47:26.803 [main] INFO  com.pinterest.pages.EditProfilePage - Clearing and typing in Last Name: Shrestha
20:47:27.724 [main] INFO  com.pinterest.pages.EditProfilePage - Successfully cleared and updated Last Name
20:47:27.724 [main] INFO  com.pinterest.pages.EditProfilePage - Clearing and typing in About: singer
20:47:28.661 [main] INFO  com.pinterest.pages.EditProfilePage - Successfully cleared and updated About
20:47:29.004 [main] INFO  com.pinterest.pages.EditProfilePage - Clearing and typing in Username: nick727572123
20:47:29.942 [main] INFO  com.pinterest.pages.EditProfilePage - Successfully cleared and updated Username
20:47:29.942 [main] INFO  com.pinterest.pages.EditProfilePage - Clicking Save button
20:47:30.271 [main] INFO  com.pinterest.pages.EditProfilePage - Clicking Save Button
20:47:30.689 [main] INFO  com.pinterest.pages.EditProfilePage - Successfully clicked Save Button
20:47:32.770 [main] INFO  com.pinterest.pages.EditProfilePage - Save completed
20:47:32.770 [main] INFO  com.pinterest.tests.EditProfileTest - Viewing results for 5 seconds
20:47:37.820 [main] INFO  com.pinterest.tests.EditProfileTest - Viewing complete
20:47:37.821 [main] INFO  com.pinterest.tests.EditProfileTest - Profile update completed successfully - All fields updated
20:47:37.821 [main] INFO  com.pinterest.tests.EditProfileTest - TEST: Edit Complete Profile - Completed
]]></system-out>
    <system-err><![CDATA[SLF4J: Failed to load class "org.slf4j.impl.StaticLoggerBinder".
SLF4J: Defaulting to no-operation (NOP) logger implementation
SLF4J: See http://www.slf4j.org/codes.html#StaticLoggerBinder for further details.
Feb 09, 2026 8:46:27 PM org.openqa.selenium.devtools.CdpVersionFinder findNearestMatch
WARNING: Unable to find CDP implementation matching 144
Feb 09, 2026 8:46:27 PM org.openqa.selenium.chromium.ChromiumDriver lambda$new$5
WARNING: Unable to find version of CDP to use for 144.0.7559.133. You may need to include a dependency on a specific version of the CDP using something similar to `org.seleniumhq.selenium:selenium-devtools-v86:4.22.0` where the version ("v86") matches the version of the chromium-based browser you're using and the version number of the artifact is the same as Selenium's.
]]></system-err>
  </testcase>
</testsuite>