<?xml version="1.0" encoding="UTF-8"?>
<testng-results ignored="0" total="7" passed="6" failed="1" skipped="0">
  <reporter-output>
  </reporter-output>
  <suite started-at="2026-02-09T17:18:54 NPT" name="Surefire suite" finished-at="2026-02-09T17:20:43 NPT" duration-ms="109308">
    <groups>
    </groups>
    <test started-at="2026-02-09T17:18:54 NPT" name="Surefire test" finished-at="2026-02-09T17:20:43 NPT" duration-ms="109308">
      <class name="com.pinterest.tests.SignupTest">
        <test-method is-config="true" signature="setupReport()[pri:0, instance:com.pinterest.tests.SignupTest@4f2c9ba6]" started-at="2026-02-09T17:18:54 NPT" name="setupReport" finished-at="2026-02-09T17:18:54 NPT" duration-ms="158" status="PASS">
          <reporter-output>
          </reporter-output>
        </test-method> <!-- setupReport -->
        <test-method is-config="true" signature="setUp()[pri:0, instance:com.pinterest.tests.SignupTest@4f2c9ba6]" started-at="2026-02-09T17:18:54 NPT" name="setUp" finished-at="2026-02-09T17:19:00 NPT" duration-ms="5739" status="PASS">
          <reporter-output>
          </reporter-output>
        </test-method> <!-- setUp -->
        <test-method is-config="true" signature="startTest(java.lang.reflect.Method)[pri:0, instance:com.pinterest.tests.SignupTest@4f2c9ba6]" started-at="2026-02-09T17:19:00 NPT" name="startTest" finished-at="2026-02-09T17:19:00 NPT" duration-ms="8" status="PASS">
          <params>
            <param index="0">
              <value>
                <![CDATA[public void com.pinterest.tests.SignupTest.validSignup()]]>
              </value>
            </param>
          </params>
          <reporter-output>
          </reporter-output>
        </test-method> <!-- startTest -->
        <test-method is-config="true" signature="setupTest()[pri:0, instance:com.pinterest.tests.SignupTest@4f2c9ba6]" started-at="2026-02-09T17:19:00 NPT" name="setupTest" finished-at="2026-02-09T17:19:00 NPT" duration-ms="100" status="PASS">
          <reporter-output>
          </reporter-output>
        </test-method> <!-- setupTest -->
        <test-method signature="validSignup()[pri:1, instance:com.pinterest.tests.SignupTest@4f2c9ba6]" started-at="2026-02-09T17:19:00 NPT" name="validSignup" description="Verify successful signup with valid credentials" finished-at="2026-02-09T17:19:14 NPT" duration-ms="13823" status="PASS">
          <reporter-output>
          </reporter-output>
        </test-method> <!-- validSignup -->
        <test-method is-config="true" signature="logStatusAndAttachArtifacts(org.testng.ITestResult)[pri:0, instance:com.pinterest.tests.SignupTest@4f2c9ba6]" started-at="2026-02-09T17:19:14 NPT" name="logStatusAndAttachArtifacts" finished-at="2026-02-09T17:19:14 NPT" duration-ms="304" status="PASS">
          <params>
            <param index="0">
              <value>
                <![CDATA[[TestResult name=validSignup status=SUCCESS method=SignupTest.validSignup()[pri:1, instance:com.pinterest.tests.SignupTest@4f2c9ba6] output={null}]]]>
              </value>
            </param>
          </params>
          <reporter-output>
          </reporter-output>
        </test-method> <!-- logStatusAndAttachArtifacts -->
        <test-method is-config="true" signature="startTest(java.lang.reflect.Method)[pri:0, instance:com.pinterest.tests.SignupTest@4f2c9ba6]" started-at="2026-02-09T17:19:14 NPT" name="startTest" finished-at="2026-02-09T17:19:14 NPT" duration-ms="0" status="PASS">
          <params>
            <param index="0">
              <value>
                <![CDATA[public void com.pinterest.tests.SignupTest.signupWithEmptyEmail()]]>
              </value>
            </param>
          </params>
          <reporter-output>
          </reporter-output>
        </test-method> <!-- startTest -->
        <test-method is-config="true" signature="setupTest()[pri:0, instance:com.pinterest.tests.SignupTest@4f2c9ba6]" started-at="2026-02-09T17:19:14 NPT" name="setupTest" finished-at="2026-02-09T17:19:14 NPT" duration-ms="139" status="PASS">
          <reporter-output>
          </reporter-output>
        </test-method> <!-- setupTest -->
        <test-method signature="signupWithEmptyEmail()[pri:2, instance:com.pinterest.tests.SignupTest@4f2c9ba6]" started-at="2026-02-09T17:19:14 NPT" name="signupWithEmptyEmail" description="Verify validation with empty email" finished-at="2026-02-09T17:19:26 NPT" duration-ms="12240" status="PASS">
          <reporter-output>
          </reporter-output>
        </test-method> <!-- signupWithEmptyEmail -->
        <test-method is-config="true" signature="logStatusAndAttachArtifacts(org.testng.ITestResult)[pri:0, instance:com.pinterest.tests.SignupTest@4f2c9ba6]" started-at="2026-02-09T17:19:26 NPT" name="logStatusAndAttachArtifacts" finished-at="2026-02-09T17:19:26 NPT" duration-ms="34" status="PASS">
          <params>
            <param index="0">
              <value>
                <![CDATA[[TestResult name=signupWithEmptyEmail status=SUCCESS method=SignupTest.signupWithEmptyEmail()[pri:2, instance:com.pinterest.tests.SignupTest@4f2c9ba6] output={null}]]]>
              </value>
            </param>
          </params>
          <reporter-output>
          </reporter-output>
        </test-method> <!-- logStatusAndAttachArtifacts -->
        <test-method is-config="true" signature="setupTest()[pri:0, instance:com.pinterest.tests.SignupTest@4f2c9ba6]" started-at="2026-02-09T17:19:26 NPT" name="setupTest" finished-at="2026-02-09T17:19:26 NPT" duration-ms="83" status="PASS">
          <reporter-output>
          </reporter-output>
        </test-method> <!-- setupTest -->
        <test-method is-config="true" signature="startTest(java.lang.reflect.Method)[pri:0, instance:com.pinterest.tests.SignupTest@4f2c9ba6]" started-at="2026-02-09T17:19:26 NPT" name="startTest" finished-at="2026-02-09T17:19:26 NPT" duration-ms="0" status="PASS">
          <params>
            <param index="0">
              <value>
                <![CDATA[public void com.pinterest.tests.SignupTest.signupWithEmptyPassword()]]>
              </value>
            </param>
          </params>
          <reporter-output>
          </reporter-output>
        </test-method> <!-- startTest -->
        <test-method signature="signupWithEmptyPassword()[pri:3, instance:com.pinterest.tests.SignupTest@4f2c9ba6]" started-at="2026-02-09T17:19:26 NPT" name="signupWithEmptyPassword" description="Verify validation with empty password" finished-at="2026-02-09T17:19:39 NPT" duration-ms="12323" status="PASS">
          <reporter-output>
          </reporter-output>
        </test-method> <!-- signupWithEmptyPassword -->
        <test-method is-config="true" signature="logStatusAndAttachArtifacts(org.testng.ITestResult)[pri:0, instance:com.pinterest.tests.SignupTest@4f2c9ba6]" started-at="2026-02-09T17:19:39 NPT" name="logStatusAndAttachArtifacts" finished-at="2026-02-09T17:19:39 NPT" duration-ms="39" status="PASS">
          <params>
            <param index="0">
              <value>
                <![CDATA[[TestResult name=signupWithEmptyPassword status=SUCCESS method=SignupTest.signupWithEmptyPassword()[pri:3, instance:com.pinterest.tests.SignupTest@4f2c9ba6] output={null}]]]>
              </value>
            </param>
          </params>
          <reporter-output>
          </reporter-output>
        </test-method> <!-- logStatusAndAttachArtifacts -->
        <test-method is-config="true" signature="startTest(java.lang.reflect.Method)[pri:0, instance:com.pinterest.tests.SignupTest@4f2c9ba6]" started-at="2026-02-09T17:19:39 NPT" name="startTest" finished-at="2026-02-09T17:19:39 NPT" duration-ms="0" status="PASS">
          <params>
            <param index="0">
              <value>
                <![CDATA[public void com.pinterest.tests.SignupTest.signupWithAllFieldsEmpty()]]>
              </value>
            </param>
          </params>
          <reporter-output>
          </reporter-output>
        </test-method> <!-- startTest -->
        <test-method is-config="true" signature="setupTest()[pri:0, instance:com.pinterest.tests.SignupTest@4f2c9ba6]" started-at="2026-02-09T17:19:39 NPT" name="setupTest" finished-at="2026-02-09T17:19:39 NPT" duration-ms="77" status="PASS">
          <reporter-output>
          </reporter-output>
        </test-method> <!-- setupTest -->
        <test-method signature="signupWithAllFieldsEmpty()[pri:4, instance:com.pinterest.tests.SignupTest@4f2c9ba6]" started-at="2026-02-09T17:19:39 NPT" name="signupWithAllFieldsEmpty" description="Verify validation with all fields empty" finished-at="2026-02-09T17:19:51 NPT" duration-ms="12501" status="PASS">
          <reporter-output>
          </reporter-output>
        </test-method> <!-- signupWithAllFieldsEmpty -->
        <test-method is-config="true" signature="logStatusAndAttachArtifacts(org.testng.ITestResult)[pri:0, instance:com.pinterest.tests.SignupTest@4f2c9ba6]" started-at="2026-02-09T17:19:51 NPT" name="logStatusAndAttachArtifacts" finished-at="2026-02-09T17:19:51 NPT" duration-ms="36" status="PASS">
          <params>
            <param index="0">
              <value>
                <![CDATA[[TestResult name=signupWithAllFieldsEmpty status=SUCCESS method=SignupTest.signupWithAllFieldsEmpty()[pri:4, instance:com.pinterest.tests.SignupTest@4f2c9ba6] output={null}]]]>
              </value>
            </param>
          </params>
          <reporter-output>
          </reporter-output>
        </test-method> <!-- logStatusAndAttachArtifacts -->
        <test-method is-config="true" signature="startTest(java.lang.reflect.Method)[pri:0, instance:com.pinterest.tests.SignupTest@4f2c9ba6]" started-at="2026-02-09T17:19:51 NPT" name="startTest" finished-at="2026-02-09T17:19:51 NPT" duration-ms="0" status="PASS">
          <params>
            <param index="0">
              <value>
                <![CDATA[public void com.pinterest.tests.SignupTest.signupWithInvalidEmailFormat()]]>
              </value>
            </param>
          </params>
          <reporter-output>
          </reporter-output>
        </test-method> <!-- startTest -->
        <test-method is-config="true" signature="setupTest()[pri:0, instance:com.pinterest.tests.SignupTest@4f2c9ba6]" started-at="2026-02-09T17:19:51 NPT" name="setupTest" finished-at="2026-02-09T17:19:51 NPT" duration-ms="75" status="PASS">
          <reporter-output>
          </reporter-output>
        </test-method> <!-- setupTest -->
        <test-method signature="signupWithInvalidEmailFormat()[pri:5, instance:com.pinterest.tests.SignupTest@4f2c9ba6]" started-at="2026-02-09T17:19:51 NPT" name="signupWithInvalidEmailFormat" description="Verify email format validation" finished-at="2026-02-09T17:20:05 NPT" duration-ms="13114" status="PASS">
          <reporter-output>
          </reporter-output>
        </test-method> <!-- signupWithInvalidEmailFormat -->
        <test-method is-config="true" signature="logStatusAndAttachArtifacts(org.testng.ITestResult)[pri:0, instance:com.pinterest.tests.SignupTest@4f2c9ba6]" started-at="2026-02-09T17:20:05 NPT" name="logStatusAndAttachArtifacts" finished-at="2026-02-09T17:20:05 NPT" duration-ms="26" status="PASS">
          <params>
            <param index="0">
              <value>
                <![CDATA[[TestResult name=signupWithInvalidEmailFormat status=SUCCESS method=SignupTest.signupWithInvalidEmailFormat()[pri:5, instance:com.pinterest.tests.SignupTest@4f2c9ba6] output={null}]]]>
              </value>
            </param>
          </params>
          <reporter-output>
          </reporter-output>
        </test-method> <!-- logStatusAndAttachArtifacts -->
        <test-method is-config="true" signature="startTest(java.lang.reflect.Method)[pri:0, instance:com.pinterest.tests.SignupTest@4f2c9ba6]" started-at="2026-02-09T17:20:05 NPT" name="startTest" finished-at="2026-02-09T17:20:05 NPT" duration-ms="0" status="PASS">
          <params>
            <param index="0">
              <value>
                <![CDATA[public void com.pinterest.tests.SignupTest.signupWithUnderage()]]>
              </value>
            </param>
          </params>
          <reporter-output>
          </reporter-output>
        </test-method> <!-- startTest -->
        <test-method is-config="true" signature="setupTest()[pri:0, instance:com.pinterest.tests.SignupTest@4f2c9ba6]" started-at="2026-02-09T17:20:05 NPT" name="setupTest" finished-at="2026-02-09T17:20:05 NPT" duration-ms="78" status="PASS">
          <reporter-output>
          </reporter-output>
        </test-method> <!-- setupTest -->
        <test-method signature="signupWithUnderage()[pri:6, instance:com.pinterest.tests.SignupTest@4f2c9ba6]" started-at="2026-02-09T17:20:05 NPT" name="signupWithUnderage" description="Verify underage user validation" finished-at="2026-02-09T17:20:28 NPT" duration-ms="23290" status="FAIL">
          <exception class="java.lang.AssertionError">
            <message>
              <![CDATA[Age validation error message not found]]>
            </message>
            <full-stacktrace>
              <![CDATA[java.lang.AssertionError: Age validation error message not found
at org.testng.Assert.fail(Assert.java:111)
at com.pinterest.tests.SignupTest.signupWithUnderage(SignupTest.java:306)
at java.base/jdk.internal.reflect.NativeMethodAccessorImpl.invoke0(Native Method)
at java.base/jdk.internal.reflect.NativeMethodAccessorImpl.invoke(NativeMethodAccessorImpl.java:62)
at java.base/jdk.internal.reflect.DelegatingMethodAccessorImpl.invoke(DelegatingMethodAccessorImpl.java:43)
at java.base/java.lang.reflect.Method.invoke(Method.java:566)
at org.testng.internal.invokers.MethodInvocationHelper.invokeMethod(MethodInvocationHelper.java:139)
at org.testng.internal.invokers.TestInvoker.invokeMethod(TestInvoker.java:664)
at org.testng.internal.invokers.TestInvoker.invokeTestMethod(TestInvoker.java:228)
at org.testng.internal.invokers.MethodRunner.runInSequence(MethodRunner.java:63)
at org.testng.internal.invokers.TestInvoker$MethodInvocationAgent.invoke(TestInvoker.java:961)
at org.testng.internal.invokers.TestInvoker.invokeTestMethods(TestInvoker.java:201)
at org.testng.internal.invokers.TestMethodWorker.invokeTestMethods(TestMethodWorker.java:148)
at org.testng.internal.invokers.TestMethodWorker.run(TestMethodWorker.java:128)
at java.base/java.util.ArrayList.forEach(ArrayList.java:1541)
at org.testng.TestRunner.privateRun(TestRunner.java:819)
at org.testng.TestRunner.run(TestRunner.java:619)
at org.testng.SuiteRunner.runTest(SuiteRunner.java:443)
at org.testng.SuiteRunner.runSequentially(SuiteRunner.java:437)
at org.testng.SuiteRunner.privateRun(SuiteRunner.java:397)
at org.testng.SuiteRunner.run(SuiteRunner.java:336)
at org.testng.SuiteRunnerWorker.runSuite(SuiteRunnerWorker.java:52)
at org.testng.SuiteRunnerWorker.run(SuiteRunnerWorker.java:95)
at org.testng.TestNG.runSuitesSequentially(TestNG.java:1301)
at org.testng.TestNG.runSuitesLocally(TestNG.java:1228)
at org.testng.TestNG.runSuites(TestNG.java:1134)
at org.testng.TestNG.run(TestNG.java:1101)
at org.apache.maven.surefire.testng.TestNGExecutor.run(TestNGExecutor.java:151)
at org.apache.maven.surefire.testng.TestNGDirectoryTestSuite.executeSingleClass(TestNGDirectoryTestSuite.java:111)
at org.apache.maven.surefire.testng.TestNGDirectoryTestSuite.execute(TestNGDirectoryTestSuite.java:98)
at org.apache.maven.surefire.testng.TestNGProvider.invoke(TestNGProvider.java:155)
at org.apache.maven.surefire.booter.ForkedBooter.runSuitesInProcess(ForkedBooter.java:456)
at org.apache.maven.surefire.booter.ForkedBooter.execute(ForkedBooter.java:169)
at org.apache.maven.surefire.booter.ForkedBooter.run(ForkedBooter.java:595)
at org.apache.maven.surefire.booter.ForkedBooter.main(ForkedBooter.java:581)
]]>
            </full-stacktrace>
          </exception> <!-- java.lang.AssertionError -->
          <reporter-output>
          </reporter-output>
        </test-method> <!-- signupWithUnderage -->
        <test-method is-config="true" signature="logStatusAndAttachArtifacts(org.testng.ITestResult)[pri:0, instance:com.pinterest.tests.SignupTest@4f2c9ba6]" started-at="2026-02-09T17:20:28 NPT" name="logStatusAndAttachArtifacts" finished-at="2026-02-09T17:20:29 NPT" duration-ms="570" status="PASS">
          <params>
            <param index="0">
              <value>
                <![CDATA[[TestResult name=signupWithUnderage status=FAILURE method=SignupTest.signupWithUnderage()[pri:6, instance:com.pinterest.tests.SignupTest@4f2c9ba6] output={null}]]]>
              </value>
            </param>
          </params>
          <reporter-output>
          </reporter-output>
        </test-method> <!-- logStatusAndAttachArtifacts -->
        <test-method is-config="true" signature="setupTest()[pri:0, instance:com.pinterest.tests.SignupTest@4f2c9ba6]" started-at="2026-02-09T17:20:29 NPT" name="setupTest" finished-at="2026-02-09T17:20:29 NPT" duration-ms="112" status="PASS">
          <reporter-output>
          </reporter-output>
        </test-method> <!-- setupTest -->
        <test-method is-config="true" signature="startTest(java.lang.reflect.Method)[pri:0, instance:com.pinterest.tests.SignupTest@4f2c9ba6]" started-at="2026-02-09T17:20:29 NPT" name="startTest" finished-at="2026-02-09T17:20:29 NPT" duration-ms="0" status="PASS">
          <params>
            <param index="0">
              <value>
                <![CDATA[public void com.pinterest.tests.SignupTest.signupWithFutureBirthdate()]]>
              </value>
            </param>
          </params>
          <reporter-output>
          </reporter-output>
        </test-method> <!-- startTest -->
        <test-method signature="signupWithFutureBirthdate()[pri:7, instance:com.pinterest.tests.SignupTest@4f2c9ba6]" started-at="2026-02-09T17:20:29 NPT" name="signupWithFutureBirthdate" description="Verify future birthdate validation" finished-at="2026-02-09T17:20:42 NPT" duration-ms="13817" status="PASS">
          <reporter-output>
          </reporter-output>
        </test-method> <!-- signupWithFutureBirthdate -->
        <test-method is-config="true" signature="logStatusAndAttachArtifacts(org.testng.ITestResult)[pri:0, instance:com.pinterest.tests.SignupTest@4f2c9ba6]" started-at="2026-02-09T17:20:42 NPT" name="logStatusAndAttachArtifacts" finished-at="2026-02-09T17:20:42 NPT" duration-ms="15" status="PASS">
          <params>
            <param index="0">
              <value>
                <![CDATA[[TestResult name=signupWithFutureBirthdate status=SUCCESS method=SignupTest.signupWithFutureBirthdate()[pri:7, instance:com.pinterest.tests.SignupTest@4f2c9ba6] output={null}]]]>
              </value>
            </param>
          </params>
          <reporter-output>
          </reporter-output>
        </test-method> <!-- logStatusAndAttachArtifacts -->
        <test-method is-config="true" signature="tearDown()[pri:0, instance:com.pinterest.tests.SignupTest@4f2c9ba6]" started-at="2026-02-09T17:20:42 NPT" name="tearDown" finished-at="2026-02-09T17:20:43 NPT" duration-ms="718" status="PASS">
          <reporter-output>
          </reporter-output>
        </test-method> <!-- tearDown -->
      </class> <!-- com.pinterest.tests.SignupTest -->
    </test> <!-- Surefire test -->
  </suite> <!-- Surefire suite -->
</testng-results>
