<?xml version="1.0" encoding="UTF-8"?>
<testsuite xmlns:xsi="http://www.w3.org/2001/XMLSchema-instance" xsi:noNamespaceSchemaLocation="https://maven.apache.org/surefire/maven-surefire-plugin/xsd/surefire-test-report-3.0.xsd" version="3.0" name="com.pinterest.tests.SearchTest" time="54.143" tests="4" errors="0" skipped="0" failures="0">
  <properties>
[...]
</properties>
  <testcase name="validSearchTest" classname="com.pinterest.tests.SearchTest" time="11.334">
    <system-out><![CDATA[CSV Headers loaded: _key, email, password, validQuery, spellingError, specialCharacters, publicBoardName, secretBoardName, birthdate, adult, youngAdult, noAtSymbol, withSpaces, noDomain, firstName, lastName, about, username
CSV file loaded successfully. Total rows: 19
📧 Email: nikalgurung7@gmail.com
🔐 Password: VeriskTest1
âœ… Page loaded
âœ… Email field found
âœ… Email entered: nikalgurung7@gmail.com
âœ… Password field found
âœ… Password entered
âœ… Submit button found
âœ… Clicked submit button
✅ Login successful for search tests


=== TEST 1: Valid Search ===
🔍 Searching for: food recipes
✓ Search results page loaded
✅ Search executed successfully
📌 Found 11 pins
📌 Found 11 pins
✅ Valid search successful - Found 11 pins
👁️  Viewing results for 10 seconds...
✅ Viewing complete

=== TEST 1 COMPLETED ✅ ===

]]></system-out>
    <system-err><![CDATA[SLF4J: Failed to load class "org.slf4j.impl.StaticLoggerBinder".
SLF4J: Defaulting to no-operation (NOP) logger implementation
SLF4J: See http://www.slf4j.org/codes.html#StaticLoggerBinder for further details.
Feb 09, 2026 5:17:39 PM org.openqa.selenium.devtools.CdpVersionFinder findNearestMatch
WARNING: Unable to find CDP implementation matching 144
Feb 09, 2026 5:17:39 PM org.openqa.selenium.chromium.ChromiumDriver lambda$new$5
WARNING: Unable to find version of CDP to use for 144.0.7559.133. You may need to include a dependency on a specific version of the CDP using something similar to `org.seleniumhq.selenium:selenium-devtools-v86:4.22.0` where the version ("v86") matches the version of the chromium-based browser you're using and the version number of the artifact is the same as Selenium's.
]]></system-err>
  </testcase>
  <testcase name="spellingErrorSearchTest" classname="com.pinterest.tests.SearchTest" time="13.669">
    <system-out><![CDATA[
=== TEST 2: Spelling Error Search ===
✅ Navigated to home page
🔍 Searching for: food recyups
✓ Search results page loaded
✅ Search executed successfully
📌 Found 11 pins
📌 Found 11 pins
✅ Pinterest showed results despite spelling error
📌 Found 11 pins
   Found 11 pins
👁️  Viewing results for 10 seconds...
✅ Viewing complete

=== TEST 2 COMPLETED ✅ ===

]]></system-out>
  </testcase>
  <testcase name="specialCharactersSearchTest" classname="com.pinterest.tests.SearchTest" time="13.212">
    <system-out><![CDATA[
=== TEST 3: Special Characters Search ===
✅ Navigated to home page
🔍 Searching for: $%^!@#@$#%#@#@$
✓ Search results page loaded
✅ Search executed successfully
📌 Found 11 pins
📌 Found 11 pins
📌 Found 11 pins
✅ Pinterest filtered special characters and showed 11 pins
👁️  Viewing results for 10 seconds...
✅ Viewing complete

=== TEST 3 COMPLETED ✅ ===

]]></system-out>
  </testcase>
  <testcase name="searchTestsSummary" classname="com.pinterest.tests.SearchTest" time="0.004">
    <system-out><![CDATA[
==================================================
🎉 ALL SEARCH TESTS COMPLETED SUCCESSFULLY 🎉
==================================================
]]></system-out>
  </testcase>
</testsuite>