<?xml version="1.0" encoding="UTF-8"?>
<!-- Generated by org.testng.reporters.JUnitReportReporter -->
<testsuite hostname="VA-IGa4XlBQveWE" failures="0" tests="4" name="com.pinterest.tests.SearchTest" time="44.734" errors="0" timestamp="2026-02-09T20:02:48 NPT" skipped="0">
  <testcase classname="com.pinterest.tests.SearchTest" name="validSearchTest" time="10.633"/>
  <testcase classname="com.pinterest.tests.SearchTest" name="spellingErrorSearchTest" time="18.829"/>
  <testcase classname="com.pinterest.tests.SearchTest" name="specialCharactersSearchTest" time="15.231"/>
  <testcase classname="com.pinterest.tests.SearchTest" name="searchTestsSummary" time="0.041"/>
</testsuite> <!-- com.pinterest.tests.SearchTest -->
