<?xml version="1.0" encoding="UTF-8"?>
<!-- Generated by org.testng.reporters.JUnitReportReporter -->
<testsuite hostname="VA-IGa4XlBQveWE" failures="0" tests="4" name="com.pinterest.tests.SearchTest" time="38.668" errors="0" timestamp="2026-02-09T17:18:29 NPT" skipped="0">
  <testcase classname="com.pinterest.tests.SearchTest" name="validSearchTest" time="11.361"/>
  <testcase classname="com.pinterest.tests.SearchTest" name="spellingErrorSearchTest" time="13.715"/>
  <testcase classname="com.pinterest.tests.SearchTest" name="specialCharactersSearchTest" time="13.566"/>
  <testcase classname="com.pinterest.tests.SearchTest" name="searchTestsSummary" time="0.026"/>
</testsuite> <!-- com.pinterest.tests.SearchTest -->
