<?xml version="1.0" encoding="UTF-8"?>
<!-- Generated by org.testng.reporters.JUnitReportReporter -->
<testsuite hostname="VA-IGa4XlBQveWE" failures="0" tests="5" name="com.pinterest.tests.LoginTest" time="71.531" errors="0" timestamp="2026-02-09T20:12:30 NPT" skipped="0">
  <testcase classname="com.pinterest.tests.LoginTest" name="validLogin" time="15.423"/>
  <testcase classname="com.pinterest.tests.LoginTest" name="loginWithWrongPassword" time="22.403"/>
  <testcase classname="com.pinterest.tests.LoginTest" name="loginWithEmptyEmail" time="13.068"/>
  <testcase classname="com.pinterest.tests.LoginTest" name="loginWithEmptyPassword" time="10.483"/>
  <testcase classname="com.pinterest.tests.LoginTest" name="loginWithInvalidEmailFormat" time="10.154"/>
</testsuite> <!-- com.pinterest.tests.LoginTest -->
